<?xml version="1.0" encoding="UTF-8"?>
<testsuite xmlns:xsi="http://www.w3.org/2001/XMLSchema-instance" xsi:noNamespaceSchemaLocation="https://maven.apache.org/surefire/maven-surefire-plugin/xsd/surefire-test-report-3.0.xsd" version="3.0" name="com.mc.folderteardown.JobTearDownListenerTest" time="39.749" tests="5" errors="0" skipped="0" failures="0">
  <properties>
    <property name="java.specification.version" value="17"/>
    <property name="sun.cpu.isalist" value="amd64"/>
    <property name="sun.jnu.encoding" value="Cp1252"/>
    <property name="java.class.path" value="D:\WorkArea\folder-tear-down\target\test-classes;D:\WorkArea\folder-tear-down\target\classes;C:\Users\dc-user\.m2\repository\org\jenkins-ci\plugins\workflow\workflow-multibranch\756.v891d88f2cd46\workflow-multibranch-756.v891d88f2cd46.jar;C:\Users\dc-user\.m2\repository\org\jenkins-ci\plugins\workflow\workflow-step-api\639.v6eca_cd8c04a_a_\workflow-step-api-639.v6eca_cd8c04a_a_.jar;C:\Users\dc-user\.m2\repository\org\jenkins-ci\plugins\workflow\workflow-job\1360.vc6700e3136f5\workflow-job-1360.vc6700e3136f5.jar;C:\Users\dc-user\.m2\repository\io\jenkins\plugins\ionicons-api\56.v1b_1c8c49374e\ionicons-api-56.v1b_1c8c49374e.jar;C:\Users\dc-user\.m2\repository\org\jenkins-ci\plugins\workflow\workflow-support\865.v43e78cc44e0d\workflow-support-865.v43e78cc44e0d.jar;C:\Users\dc-user\.m2\repository\io\jenkins\plugins\caffeine-api\3.1.8-133.v17b_1ff2e0599\caffeine-api-3.1.8-133.v17b_1ff2e0599.jar;C:\Users\dc-user\.m2\repository\com\github\ben-manes\caffeine\caffeine\3.1.8\caffeine-3.1.8.jar;C:\Users\dc-user\.m2\repository\org\jboss\marshalling\jboss-marshalling-river\2.1.2.Final\jboss-marshalling-river-2.1.2.Final.jar;C:\Users\dc-user\.m2\repository\org\jboss\marshalling\jboss-marshalling\2.1.2.Final\jboss-marshalling-2.1.2.Final.jar;C:\Users\dc-user\.m2\repository\org\jenkins-ci\plugins\workflow\workflow-cps\3806.va_3a_6988277b_2\workflow-cps-3806.va_3a_6988277b_2.jar;C:\Users\dc-user\.m2\repository\com\cloudbees\groovy-cps\3806.va_3a_6988277b_2\groovy-cps-3806.va_3a_6988277b_2.jar;C:\Users\dc-user\.m2\repository\com\cloudbees\diff4j\1.3\diff4j-1.3.jar;C:\Users\dc-user\.m2\repository\org\jenkins-ci\plugins\scm-api\676.v886669a_199a_a_\scm-api-676.v886669a_199a_a_.jar;C:\Users\dc-user\.m2\repository\org\jenkins-ci\plugins\branch-api\2.1128.v717130d4f816\branch-api-2.1128.v717130d4f816.jar;C:\Users\dc-user\.m2\repository\org\jenkins-ci\plugins\cloudbees-folder\6.858.v898218f3609d\cloudbees-folder-6.858.v898218f3609d.jar;C:\Users\dc-user\.m2\repository\org\jenkins-ci\plugins\workflow\workflow-api\1283.v99c10937efcb_\workflow-api-1283.v99c10937efcb_.jar;C:\Users\dc-user\.m2\repository\org\jenkins-ci\plugins\workflow\workflow-scm-step\415.v434365564324\workflow-scm-step-415.v434365564324.jar;C:\Users\dc-user\.m2\repository\org\jenkins-ci\plugins\script-security\1275.v23895f409fb_d\script-security-1275.v23895f409fb_d.jar;C:\Users\dc-user\.m2\repository\org\kohsuke\groovy-sandbox\1.33\groovy-sandbox-1.33.jar;C:\Users\dc-user\.m2\repository\org\jenkins-ci\plugins\git\5.2.1\git-5.2.1.jar;C:\Users\dc-user\.m2\repository\org\jenkins-ci\plugins\structs\325.vcb_307d2a_2782\structs-325.vcb_307d2a_2782.jar;C:\Users\dc-user\.m2\repository\org\jenkins-ci\plugins\git-client\4.5.0\git-client-4.5.0.jar;C:\Users\dc-user\.m2\repository\io\jenkins\plugins\mina-sshd-api\mina-sshd-api-common\2.11.0-86.v836f585d47fa_\mina-sshd-api-common-2.11.0-86.v836f585d47fa_.jar;C:\Users\dc-user\.m2\repository\org\apache\sshd\sshd-common\2.11.0\sshd-common-2.11.0.jar;C:\Users\dc-user\.m2\repository\io\jenkins\plugins\mina-sshd-api\mina-sshd-api-core\2.11.0-86.v836f585d47fa_\mina-sshd-api-core-2.11.0-86.v836f585d47fa_.jar;C:\Users\dc-user\.m2\repository\org\apache\sshd\sshd-core\2.11.0\sshd-core-2.11.0.jar;C:\Users\dc-user\.m2\repository\org\eclipse\jgit\org.eclipse.jgit\6.7.0.202309050840-r\org.eclipse.jgit-6.7.0.202309050840-r.jar;C:\Users\dc-user\.m2\repository\com\googlecode\javaewah\JavaEWAH\1.2.3\JavaEWAH-1.2.3.jar;C:\Users\dc-user\.m2\repository\org\eclipse\jgit\org.eclipse.jgit.http.apache\6.7.0.202309050840-r\org.eclipse.jgit.http.apache-6.7.0.202309050840-r.jar;C:\Users\dc-user\.m2\repository\org\eclipse\jgit\org.eclipse.jgit.http.server\6.7.0.202309050840-r\org.eclipse.jgit.http.server-6.7.0.202309050840-r.jar;C:\Users\dc-user\.m2\repository\org\eclipse\jgit\org.eclipse.jgit.lfs\6.7.0.202309050840-r\org.eclipse.jgit.lfs-6.7.0.202309050840-r.jar;C:\Users\dc-user\.m2\repository\com\google\code\gson\gson\2.10.1\gson-2.10.1.jar;C:\Users\dc-user\.m2\repository\org\eclipse\jgit\org.eclipse.jgit.ssh.apache\6.7.0.202309050840-r\org.eclipse.jgit.ssh.apache-6.7.0.202309050840-r.jar;C:\Users\dc-user\.m2\repository\org\jenkins-ci\plugins\apache-httpcomponents-client-4-api\4.5.14-208.v438351942757\apache-httpcomponents-client-4-api-4.5.14-208.v438351942757.jar;C:\Users\dc-user\.m2\repository\org\apache\httpcomponents\fluent-hc\4.5.14\fluent-hc-4.5.14.jar;C:\Users\dc-user\.m2\repository\org\apache\httpcomponents\httpasyncclient\4.1.5\httpasyncclient-4.1.5.jar;C:\Users\dc-user\.m2\repository\org\apache\httpcomponents\httpasyncclient-cache\4.1.5\httpasyncclient-cache-4.1.5.jar;C:\Users\dc-user\.m2\repository\org\apache\httpcomponents\httpclient\4.5.14\httpclient-4.5.14.jar;C:\Users\dc-user\.m2\repository\org\apache\httpcomponents\httpclient-cache\4.5.14\httpclient-cache-4.5.14.jar;C:\Users\dc-user\.m2\repository\org\apache\httpcomponents\httpcore\4.4.16\httpcore-4.4.16.jar;C:\Users\dc-user\.m2\repository\org\apache\httpcomponents\httpcore-nio\4.4.16\httpcore-nio-4.4.16.jar;C:\Users\dc-user\.m2\repository\org\apache\httpcomponents\httpmime\4.5.14\httpmime-4.5.14.jar;C:\Users\dc-user\.m2\repository\org\jenkins-ci\plugins\trilead-api\2.84.v72119de229b_7\trilead-api-2.84.v72119de229b_7.jar;C:\Users\dc-user\.m2\repository\org\jenkins-ci\trilead-ssh2\build-217-jenkins-247.v708a_8b_14f4b_a\trilead-ssh2-build-217-jenkins-247.v708a_8b_14f4b_a.jar;C:\Users\dc-user\.m2\repository\com\google\crypto\tink\tink\1.7.0\tink-1.7.0.jar;C:\Users\dc-user\.m2\repository\org\kohsuke\trilead-putty-extension\1.2\trilead-putty-extension-1.2.jar;C:\Users\dc-user\.m2\repository\org\jenkins-ci\plugins\credentials\1307.v3757c78f17c3\credentials-1307.v3757c78f17c3.jar;C:\Users\dc-user\.m2\repository\org\jenkins-ci\plugins\ssh-credentials\308.ve4497b_ccd8f4\ssh-credentials-308.ve4497b_ccd8f4.jar;C:\Users\dc-user\.m2\repository\org\jenkins-ci\plugins\mailer\463.vedf8358e006b_\mailer-463.vedf8358e006b_.jar;C:\Users\dc-user\.m2\repository\org\jenkins-ci\modules\instance-identity\185.v303dc7c645f9\instance-identity-185.v303dc7c645f9.jar;C:\Users\dc-user\.m2\repository\org\jenkins-ci\plugins\bouncycastle-api\2.29\bouncycastle-api-2.29.jar;C:\Users\dc-user\.m2\repository\org\bouncycastle\bcpkix-jdk18on\1.75\bcpkix-jdk18on-1.75.jar;C:\Users\dc-user\.m2\repository\org\bouncycastle\bcprov-jdk18on\1.75\bcprov-jdk18on-1.75.jar;C:\Users\dc-user\.m2\repository\org\bouncycastle\bcutil-jdk18on\1.75\bcutil-jdk18on-1.75.jar;C:\Users\dc-user\.m2\repository\io\jenkins\plugins\jakarta-mail-api\2.0.1-3\jakarta-mail-api-2.0.1-3.jar;C:\Users\dc-user\.m2\repository\com\sun\mail\jakarta.mail\2.0.1\jakarta.mail-2.0.1.jar;C:\Users\dc-user\.m2\repository\io\jenkins\plugins\jakarta-activation-api\2.0.1-3\jakarta-activation-api-2.0.1-3.jar;C:\Users\dc-user\.m2\repository\com\sun\activation\jakarta.activation\2.0.1\jakarta.activation-2.0.1.jar;C:\Users\dc-user\.m2\repository\org\jenkins-ci\plugins\credentials-binding\642.v737c34dea_6c2\credentials-binding-642.v737c34dea_6c2.jar;C:\Users\dc-user\.m2\repository\org\jenkins-ci\plugins\plain-credentials\143.v1b_df8b_d3b_e48\plain-credentials-143.v1b_df8b_d3b_e48.jar;C:\Users\dc-user\.m2\repository\org\jenkins-ci\annotation-indexer\1.12\annotation-indexer-1.12.jar;C:\Users\dc-user\.m2\repository\org\jenkins-ci\plugins\workflow\workflow-aggregator\2.5\workflow-aggregator-2.5.jar;C:\Users\dc-user\.m2\repository\org\jenkins-ci\plugins\workflow\workflow-durable-task-step\1289.v4d3e7b_01546b_\workflow-durable-task-step-1289.v4d3e7b_01546b_.jar;C:\Users\dc-user\.m2\repository\org\jenkins-ci\plugins\durable-task\523.va_a_22cf15d5e0\durable-task-523.va_a_22cf15d5e0.jar;C:\Users\dc-user\.m2\repository\io\jenkins\plugins\lib-durable-task\40.vc66cf8fb_4613\lib-durable-task-40.vc66cf8fb_4613.jar;C:\Users\dc-user\.m2\repository\org\jenkins-ci\plugins\workflow\workflow-basic-steps\1042.ve7b_140c4a_e0c\workflow-basic-steps-1042.ve7b_140c4a_e0c.jar;C:\Users\dc-user\.m2\repository\org\jenkins-ci\plugins\pipeline-build-step\516.v8ee60a_81c5b_9\pipeline-build-step-516.v8ee60a_81c5b_9.jar;C:\Users\dc-user\.m2\repository\org\jenkins-ci\plugins\pipeline-input-step\477.v339683a_8d55e\pipeline-input-step-477.v339683a_8d55e.jar;C:\Users\dc-user\.m2\repository\org\jenkins-ci\plugins\pipeline-stage-step\305.ve96d0205c1c6\pipeline-stage-step-305.ve96d0205c1c6.jar;C:\Users\dc-user\.m2\repository\org\jenkins-ci\plugins\pipeline-stage-view\pipeline-stage-view\2.34\pipeline-stage-view-2.34.jar;C:\Users\dc-user\.m2\repository\org\jenkins-ci\plugins\pipeline-stage-view\pipeline-rest-api\2.34\pipeline-rest-api-2.34.jar;C:\Users\dc-user\.m2\repository\org\jenkins-ci\plugins\pipeline-graph-analysis\202.va_d268e64deb_3\pipeline-graph-analysis-202.va_d268e64deb_3.jar;C:\Users\dc-user\.m2\repository\org\jenkins-ci\plugins\pipeline-milestone-step\111.v449306f708b_7\pipeline-milestone-step-111.v449306f708b_7.jar;C:\Users\dc-user\.m2\repository\org\jenkinsci\plugins\pipeline-model-definition\2.2150.v4cfd8916915c\pipeline-model-definition-2.2150.v4cfd8916915c.jar;C:\Users\dc-user\.m2\repository\org\jenkinsci\plugins\pipeline-model-api\2.2150.v4cfd8916915c\pipeline-model-api-2.2150.v4cfd8916915c.jar;C:\Users\dc-user\.m2\repository\com\github\java-json-tools\json-schema-validator\2.2.14\json-schema-validator-2.2.14.jar;C:\Users\dc-user\.m2\repository\com\github\java-json-tools\jackson-coreutils-equivalence\1.0\jackson-coreutils-equivalence-1.0.jar;C:\Users\dc-user\.m2\repository\com\github\java-json-tools\jackson-coreutils\2.0\jackson-coreutils-2.0.jar;C:\Users\dc-user\.m2\repository\com\github\java-json-tools\msg-simple\1.2\msg-simple-1.2.jar;C:\Users\dc-user\.m2\repository\com\github\java-json-tools\btf\1.3\btf-1.3.jar;C:\Users\dc-user\.m2\repository\com\github\java-json-tools\json-schema-core\1.2.14\json-schema-core-1.2.14.jar;C:\Users\dc-user\.m2\repository\com\github\java-json-tools\uri-template\0.10\uri-template-0.10.jar;C:\Users\dc-user\.m2\repository\org\mozilla\rhino\1.7.7.2\rhino-1.7.7.2.jar;C:\Users\dc-user\.m2\repository\com\sun\mail\mailapi\1.6.2\mailapi-1.6.2.jar;C:\Users\dc-user\.m2\repository\joda-time\joda-time\2.10.5\joda-time-2.10.5.jar;C:\Users\dc-user\.m2\repository\com\googlecode\libphonenumber\libphonenumber\8.11.1\libphonenumber-8.11.1.jar;C:\Users\dc-user\.m2\repository\org\jenkinsci\plugins\pipeline-model-extensions\2.2150.v4cfd8916915c\pipeline-model-extensions-2.2150.v4cfd8916915c.jar;C:\Users\dc-user\.m2\repository\org\jenkinsci\plugins\pipeline-stage-tags-metadata\2.2150.v4cfd8916915c\pipeline-stage-tags-metadata-2.2150.v4cfd8916915c.jar;C:\Users\dc-user\.m2\repository\io\jenkins\plugins\pipeline-groovy-lib\689.veec561a_dee13\pipeline-groovy-lib-689.veec561a_dee13.jar;C:\Users\dc-user\.m2\repository\org\jenkins-ci\plugins\variant\60.v7290fc0eb_b_cd\variant-60.v7290fc0eb_b_cd.jar;C:\Users\dc-user\.m2\repository\org\jenkins-ci\plugins\workflow\workflow-cps-global-lib\2.21\workflow-cps-global-lib-2.21.jar;C:\Users\dc-user\.m2\repository\org\apache\ivy\ivy\2.4.0\ivy-2.4.0.jar;C:\Users\dc-user\.m2\repository\org\jenkins-ci\plugins\git-server\99.va_0826a_b_cdfa_d\git-server-99.va_0826a_b_cdfa_d.jar;C:\Users\dc-user\.m2\repository\org\jenkins-ci\modules\sshd\3.312.v1c601b_c83b_0e\sshd-3.312.v1c601b_c83b_0e.jar;C:\Users\dc-user\.m2\repository\net\i2p\crypto\eddsa\0.3.0\eddsa-0.3.0.jar;C:\Users\dc-user\.m2\repository\org\jenkins-ci\plugins\scm-api\2.6.5\scm-api-2.6.5-tests.jar;C:\Users\dc-user\.m2\repository\org\jenkins-ci\plugins\git\5.2.1\git-5.2.1-tests.jar;C:\Users\dc-user\.m2\repository\org\hamcrest\hamcrest-core\2.2\hamcrest-core-2.2.jar;C:\Users\dc-user\.m2\repository\org\hamcrest\hamcrest\2.2\hamcrest-2.2.jar;C:\Users\dc-user\.m2\repository\org\hamcrest\hamcrest-library\2.2\hamcrest-library-2.2.jar;C:\Users\dc-user\.m2\repository\org\mockito\mockito-all\1.10.19\mockito-all-1.10.19.jar;C:\Users\dc-user\.m2\repository\org\jenkins-ci\plugins\junit\1.53\junit-1.53.jar;C:\Users\dc-user\.m2\repository\io\jenkins\plugins\echarts-api\5.4.0-7\echarts-api-5.4.0-7.jar;C:\Users\dc-user\.m2\repository\io\jenkins\plugins\font-awesome-api\6.4.2-1\font-awesome-api-6.4.2-1.jar;C:\Users\dc-user\.m2\repository\io\jenkins\plugins\bootstrap5-api\5.3.2-2\bootstrap5-api-5.3.2-2.jar;C:\Users\dc-user\.m2\repository\io\jenkins\plugins\jquery3-api\3.7.1-1\jquery3-api-3.7.1-1.jar;C:\Users\dc-user\.m2\repository\io\jenkins\plugins\checks-api\2.0.2\checks-api-2.0.2.jar;C:\Users\dc-user\.m2\repository\io\jenkins\plugins\commons-text-api\1.11.0-94.v3e1f4a_926e49\commons-text-api-1.11.0-94.v3e1f4a_926e49.jar;C:\Users\dc-user\.m2\repository\org\apache\commons\commons-text\1.11.0\commons-text-1.11.0.jar;C:\Users\dc-user\.m2\repository\io\jenkins\plugins\commons-lang3-api\3.13.0-62.v7d18e55f51e2\commons-lang3-api-3.13.0-62.v7d18e55f51e2.jar;C:\Users\dc-user\.m2\repository\org\apache\commons\commons-lang3\3.13.0\commons-lang3-3.13.0.jar;C:\Users\dc-user\.m2\repository\io\jenkins\plugins\plugin-util-api\3.6.0\plugin-util-api-3.6.0.jar;C:\Users\dc-user\.m2\repository\org\jenkins-ci\plugins\display-url-api\2.200.vb_9327d658781\display-url-api-2.200.vb_9327d658781.jar;C:\Users\dc-user\.m2\repository\io\jenkins\plugins\bootstrap4-api\4.6.0-3\bootstrap4-api-4.6.0-3.jar;C:\Users\dc-user\.m2\repository\io\jenkins\plugins\popper-api\1.16.1-2\popper-api-1.16.1-2.jar;C:\Users\dc-user\.m2\repository\org\jenkins-ci\plugins\jackson2-api\2.15.3-366.vfe8d1fa_f8c87\jackson2-api-2.15.3-366.vfe8d1fa_f8c87.jar;C:\Users\dc-user\.m2\repository\com\fasterxml\jackson\core\jackson-databind\2.15.3\jackson-databind-2.15.3.jar;C:\Users\dc-user\.m2\repository\com\fasterxml\jackson\datatype\jackson-datatype-jsr310\2.15.3\jackson-datatype-jsr310-2.15.3.jar;C:\Users\dc-user\.m2\repository\com\fasterxml\jackson\datatype\jackson-datatype-jdk8\2.15.3\jackson-datatype-jdk8-2.15.3.jar;C:\Users\dc-user\.m2\repository\com\fasterxml\jackson\datatype\jackson-datatype-json-org\2.15.3\jackson-datatype-json-org-2.15.3.jar;C:\Users\dc-user\.m2\repository\org\json\json\20230227\json-20230227.jar;C:\Users\dc-user\.m2\repository\com\fasterxml\jackson\module\jackson-module-parameter-names\2.15.3\jackson-module-parameter-names-2.15.3.jar;C:\Users\dc-user\.m2\repository\com\fasterxml\jackson\core\jackson-core\2.15.3\jackson-core-2.15.3.jar;C:\Users\dc-user\.m2\repository\com\fasterxml\jackson\core\jackson-annotations\2.15.3\jackson-annotations-2.15.3.jar;C:\Users\dc-user\.m2\repository\com\fasterxml\jackson\module\jackson-module-jaxb-annotations\2.15.3\jackson-module-jaxb-annotations-2.15.3.jar;C:\Users\dc-user\.m2\repository\com\fasterxml\jackson\dataformat\jackson-dataformat-cbor\2.15.3\jackson-dataformat-cbor-2.15.3.jar;C:\Users\dc-user\.m2\repository\com\fasterxml\jackson\dataformat\jackson-dataformat-xml\2.15.3\jackson-dataformat-xml-2.15.3.jar;C:\Users\dc-user\.m2\repository\org\codehaus\woodstox\stax2-api\4.2.1\stax2-api-4.2.1.jar;C:\Users\dc-user\.m2\repository\com\fasterxml\woodstox\woodstox-core\6.5.1\woodstox-core-6.5.1.jar;C:\Users\dc-user\.m2\repository\com\fasterxml\jackson\dataformat\jackson-dataformat-yaml\2.15.3\jackson-dataformat-yaml-2.15.3.jar;C:\Users\dc-user\.m2\repository\io\jenkins\plugins\javax-activation-api\1.2.0-6\javax-activation-api-1.2.0-6.jar;C:\Users\dc-user\.m2\repository\com\sun\activation\javax.activation\1.2.0\javax.activation-1.2.0.jar;C:\Users\dc-user\.m2\repository\io\jenkins\plugins\jaxb\2.3.9-1\jaxb-2.3.9-1.jar;C:\Users\dc-user\.m2\repository\com\sun\xml\bind\jaxb-impl\2.3.9\jaxb-impl-2.3.9.jar;C:\Users\dc-user\.m2\repository\javax\xml\bind\jaxb-api\2.3.1\jaxb-api-2.3.1.jar;C:\Users\dc-user\.m2\repository\io\jenkins\plugins\snakeyaml-api\2.2-111.vc6598e30cc65\snakeyaml-api-2.2-111.vc6598e30cc65.jar;C:\Users\dc-user\.m2\repository\org\yaml\snakeyaml\2.2\snakeyaml-2.2.jar;C:\Users\dc-user\.m2\repository\org\jenkins-ci\main\jenkins-core\2.426.3\jenkins-core-2.426.3.jar;C:\Users\dc-user\.m2\repository\org\jenkins-ci\main\cli\2.426.3\cli-2.426.3.jar;C:\Users\dc-user\.m2\repository\org\jenkins-ci\main\remoting\3160.vd76b_9ddd10cc\remoting-3160.vd76b_9ddd10cc.jar;C:\Users\dc-user\.m2\repository\args4j\args4j\2.33\args4j-2.33.jar;C:\Users\dc-user\.m2\repository\com\github\spotbugs\spotbugs-annotations\4.7.3\spotbugs-annotations-4.7.3.jar;C:\Users\dc-user\.m2\repository\com\google\guava\guava\32.1.2-jre\guava-32.1.2-jre.jar;C:\Users\dc-user\.m2\repository\com\google\guava\failureaccess\1.0.1\failureaccess-1.0.1.jar;C:\Users\dc-user\.m2\repository\com\google\guava\listenablefuture\9999.0-empty-to-avoid-conflict-with-guava\listenablefuture-9999.0-empty-to-avoid-conflict-with-guava.jar;C:\Users\dc-user\.m2\repository\com\google\code\findbugs\jsr305\3.0.1\jsr305-3.0.1.jar;C:\Users\dc-user\.m2\repository\com\google\inject\guice\6.0.0\guice-6.0.0.jar;C:\Users\dc-user\.m2\repository\javax\inject\javax.inject\1\javax.inject-1.jar;C:\Users\dc-user\.m2\repository\jakarta\inject\jakarta.inject-api\2.0.1\jakarta.inject-api-2.0.1.jar;C:\Users\dc-user\.m2\repository\com\infradna\tool\bridge-method-annotation\1.29\bridge-method-annotation-1.29.jar;C:\Users\dc-user\.m2\repository\com\jcraft\jzlib\1.1.3-kohsuke-1\jzlib-1.1.3-kohsuke-1.jar;C:\Users\dc-user\.m2\repository\com\sun\solaris\embedded_su4j\1.1\embedded_su4j-1.1.jar;C:\Users\dc-user\.m2\repository\com\sun\xml\txw2\txw2\20110809\txw2-20110809.jar;C:\Users\dc-user\.m2\repository\relaxngDatatype\relaxngDatatype\20020414\relaxngDatatype-20020414.jar;C:\Users\dc-user\.m2\repository\com\thoughtworks\xstream\xstream\1.4.20\xstream-1.4.20.jar;C:\Users\dc-user\.m2\repository\io\github\x-stream\mxparser\1.2.2\mxparser-1.2.2.jar;C:\Users\dc-user\.m2\repository\commons-beanutils\commons-beanutils\1.9.4\commons-beanutils-1.9.4.jar;C:\Users\dc-user\.m2\repository\commons-codec\commons-codec\1.16.0\commons-codec-1.16.0.jar;C:\Users\dc-user\.m2\repository\commons-collections\commons-collections\3.2.2\commons-collections-3.2.2.jar;C:\Users\dc-user\.m2\repository\commons-fileupload\commons-fileupload\1.5\commons-fileupload-1.5.jar;C:\Users\dc-user\.m2\repository\commons-io\commons-io\2.13.0\commons-io-2.13.0.jar;C:\Users\dc-user\.m2\repository\commons-jelly\commons-jelly-tags-fmt\1.0\commons-jelly-tags-fmt-1.0.jar;C:\Users\dc-user\.m2\repository\commons-jelly\commons-jelly-tags-xml\1.1\commons-jelly-tags-xml-1.1.jar;C:\Users\dc-user\.m2\repository\commons-lang\commons-lang\2.6\commons-lang-2.6.jar;C:\Users\dc-user\.m2\repository\io\jenkins\stapler\jenkins-stapler-support\1.1\jenkins-stapler-support-1.1.jar;C:\Users\dc-user\.m2\repository\jakarta\servlet\jsp\jstl\jakarta.servlet.jsp.jstl-api\1.2.7\jakarta.servlet.jsp.jstl-api-1.2.7.jar;C:\Users\dc-user\.m2\repository\jaxen\jaxen\2.0.0\jaxen-2.0.0.jar;C:\Users\dc-user\.m2\repository\jline\jline\2.14.6\jline-2.14.6.jar;C:\Users\dc-user\.m2\repository\net\java\dev\jna\jna\5.13.0\jna-5.13.0.jar;C:\Users\dc-user\.m2\repository\net\java\sezpoz\sezpoz\1.13\sezpoz-1.13.jar;C:\Users\dc-user\.m2\repository\net\jcip\jcip-annotations\1.0\jcip-annotations-1.0.jar;C:\Users\dc-user\.m2\repository\org\antlr\antlr4-runtime\4.13.1\antlr4-runtime-4.13.1.jar;C:\Users\dc-user\.m2\repository\org\apache\ant\ant\1.10.14\ant-1.10.14.jar;C:\Users\dc-user\.m2\repository\org\apache\ant\ant-launcher\1.10.14\ant-launcher-1.10.14.jar;C:\Users\dc-user\.m2\repository\org\apache\commons\commons-compress\1.24.0\commons-compress-1.24.0.jar;C:\Users\dc-user\.m2\repository\org\codehaus\groovy\groovy-all\2.4.21\groovy-all-2.4.21.jar;C:\Users\dc-user\.m2\repository\org\connectbot\jbcrypt\jbcrypt\1.0.0\jbcrypt-1.0.0.jar;C:\Users\dc-user\.m2\repository\org\fusesource\jansi\jansi\1.11\jansi-1.11.jar;C:\Users\dc-user\.m2\repository\org\jenkins-ci\commons-jexl\1.1-jenkins-20111212\commons-jexl-1.1-jenkins-20111212.jar;C:\Users\dc-user\.m2\repository\org\jenkins-ci\crypto-util\1.9\crypto-util-1.9.jar;C:\Users\dc-user\.m2\repository\org\jenkins-ci\memory-monitor\1.12\memory-monitor-1.12.jar;C:\Users\dc-user\.m2\repository\org\jenkins-ci\symbol-annotation\1.24\symbol-annotation-1.24.jar;C:\Users\dc-user\.m2\repository\org\jenkins-ci\task-reactor\1.8\task-reactor-1.8.jar;C:\Users\dc-user\.m2\repository\org\jenkins-ci\version-number\1.11\version-number-1.11.jar;C:\Users\dc-user\.m2\repository\org\jenkins-ci\main\websocket-spi\2.426.3\websocket-spi-2.426.3.jar;C:\Users\dc-user\.m2\repository\org\jfree\jfreechart\1.0.19\jfreechart-1.0.19.jar;C:\Users\dc-user\.m2\repository\org\jfree\jcommon\1.0.23\jcommon-1.0.23.jar;C:\Users\dc-user\.m2\repository\org\jvnet\hudson\commons-jelly-tags-define\1.1-jenkins-20230713\commons-jelly-tags-define-1.1-jenkins-20230713.jar;C:\Users\dc-user\.m2\repository\org\jvnet\localizer\localizer\1.31\localizer-1.31.jar;C:\Users\dc-user\.m2\repository\org\jvnet\robust-http-client\robust-http-client\1.2\robust-http-client-1.2.jar;C:\Users\dc-user\.m2\repository\org\jvnet\winp\winp\1.30\winp-1.30.jar;C:\Users\dc-user\.m2\repository\org\kohsuke\access-modifier-annotation\1.33\access-modifier-annotation-1.33.jar;C:\Users\dc-user\.m2\repository\org\kohsuke\windows-package-checker\1.2\windows-package-checker-1.2.jar;C:\Users\dc-user\.m2\repository\org\kohsuke\jinterop\j-interop\2.0.8-kohsuke-1\j-interop-2.0.8-kohsuke-1.jar;C:\Users\dc-user\.m2\repository\org\kohsuke\jinterop\j-interopdeps\2.0.8-kohsuke-1\j-interopdeps-2.0.8-kohsuke-1.jar;C:\Users\dc-user\.m2\repository\org\samba\jcifs\jcifs\1.3.18-kohsuke-1\jcifs-1.3.18-kohsuke-1.jar;C:\Users\dc-user\.m2\repository\org\kohsuke\stapler\json-lib\2.4-jenkins-3\json-lib-2.4-jenkins-3.jar;C:\Users\dc-user\.m2\repository\net\sf\ezmorph\ezmorph\1.0.6\ezmorph-1.0.6.jar;C:\Users\dc-user\.m2\repository\org\kohsuke\stapler\stapler\1814.vdc9dd5217ee2\stapler-1814.vdc9dd5217ee2.jar;C:\Users\dc-user\.m2\repository\commons-discovery\commons-discovery\0.5\commons-discovery-0.5.jar;C:\Users\dc-user\.m2\repository\jakarta\annotation\jakarta.annotation-api\2.1.1\jakarta.annotation-api-2.1.1.jar;C:\Users\dc-user\.m2\repository\javax\annotation\javax.annotation-api\1.3.2\javax.annotation-api-1.3.2.jar;C:\Users\dc-user\.m2\repository\org\jvnet\tiger-types\2.2\tiger-types-2.2.jar;C:\Users\dc-user\.m2\repository\org\kohsuke\stapler\stapler-adjunct-codemirror\1.3\stapler-adjunct-codemirror-1.3.jar;C:\Users\dc-user\.m2\repository\org\kohsuke\stapler\stapler-adjunct-timeline\1.5\stapler-adjunct-timeline-1.5.jar;C:\Users\dc-user\.m2\repository\org\kohsuke\stapler\stapler-groovy\1814.vdc9dd5217ee2\stapler-groovy-1814.vdc9dd5217ee2.jar;C:\Users\dc-user\.m2\repository\org\kohsuke\stapler\stapler-jelly\1814.vdc9dd5217ee2\stapler-jelly-1814.vdc9dd5217ee2.jar;C:\Users\dc-user\.m2\repository\org\dom4j\dom4j\2.1.4\dom4j-2.1.4.jar;C:\Users\dc-user\.m2\repository\org\jenkins-ci\commons-jelly\1.1-jenkins-20230713\commons-jelly-1.1-jenkins-20230713.jar;C:\Users\dc-user\.m2\repository\org\ow2\asm\asm\9.6\asm-9.6.jar;C:\Users\dc-user\.m2\repository\org\ow2\asm\asm-analysis\9.6\asm-analysis-9.6.jar;C:\Users\dc-user\.m2\repository\org\ow2\asm\asm-commons\9.6\asm-commons-9.6.jar;C:\Users\dc-user\.m2\repository\org\ow2\asm\asm-tree\9.6\asm-tree-9.6.jar;C:\Users\dc-user\.m2\repository\org\ow2\asm\asm-util\9.6\asm-util-9.6.jar;C:\Users\dc-user\.m2\repository\org\slf4j\jcl-over-slf4j\2.0.9\jcl-over-slf4j-2.0.9.jar;C:\Users\dc-user\.m2\repository\org\slf4j\slf4j-api\2.0.9\slf4j-api-2.0.9.jar;C:\Users\dc-user\.m2\repository\org\slf4j\log4j-over-slf4j\2.0.9\log4j-over-slf4j-2.0.9.jar;C:\Users\dc-user\.m2\repository\org\springframework\security\spring-security-web\5.8.7\spring-security-web-5.8.7.jar;C:\Users\dc-user\.m2\repository\org\springframework\security\spring-security-core\5.8.7\spring-security-core-5.8.7.jar;C:\Users\dc-user\.m2\repository\org\springframework\security\spring-security-crypto\5.8.7\spring-security-crypto-5.8.7.jar;C:\Users\dc-user\.m2\repository\org\springframework\spring-core\5.3.29\spring-core-5.3.29.jar;C:\Users\dc-user\.m2\repository\org\springframework\spring-aop\5.3.29\spring-aop-5.3.29.jar;C:\Users\dc-user\.m2\repository\org\springframework\spring-beans\5.3.29\spring-beans-5.3.29.jar;C:\Users\dc-user\.m2\repository\org\springframework\spring-context\5.3.29\spring-context-5.3.29.jar;C:\Users\dc-user\.m2\repository\org\springframework\spring-expression\5.3.29\spring-expression-5.3.29.jar;C:\Users\dc-user\.m2\repository\org\springframework\spring-web\5.3.29\spring-web-5.3.29.jar;C:\Users\dc-user\.m2\repository\xpp3\xpp3\1.1.4c\xpp3-1.1.4c.jar;C:\Users\dc-user\.m2\repository\org\jenkins-ci\main\jenkins-war\2.426.3\jenkins-war-2.426.3.war;C:\Users\dc-user\.m2\repository\org\jenkins-ci\main\websocket-jetty10\2.426.3\websocket-jetty10-2.426.3.jar;C:\Users\dc-user\.m2\repository\org\slf4j\slf4j-jdk14\2.0.9\slf4j-jdk14-2.0.9.jar;C:\Users\dc-user\.m2\repository\jakarta\servlet\jakarta.servlet-api\4.0.4\jakarta.servlet-api-4.0.4.jar;C:\Users\dc-user\.m2\repository\commons-logging\commons-logging\1.2\commons-logging-1.2.jar;C:\Users\dc-user\.m2\repository\org\jenkins-ci\main\jenkins-test-harness\2158.v9eed8a_eb_c04b_\jenkins-test-harness-2158.v9eed8a_eb_c04b_.jar;C:\Users\dc-user\.m2\repository\io\jenkins\lib\support-log-formatter\1.2\support-log-formatter-1.2.jar;C:\Users\dc-user\.m2\repository\junit\junit\4.13.2\junit-4.13.2.jar;C:\Users\dc-user\.m2\repository\org\eclipse\jetty\jetty-security\10.0.19\jetty-security-10.0.19.jar;C:\Users\dc-user\.m2\repository\org\eclipse\jetty\jetty-server\10.0.19\jetty-server-10.0.19.jar;C:\Users\dc-user\.m2\repository\org\eclipse\jetty\jetty-http\10.0.19\jetty-http-10.0.19.jar;C:\Users\dc-user\.m2\repository\org\eclipse\jetty\jetty-io\10.0.19\jetty-io-10.0.19.jar;C:\Users\dc-user\.m2\repository\org\eclipse\jetty\jetty-webapp\10.0.19\jetty-webapp-10.0.19.jar;C:\Users\dc-user\.m2\repository\org\eclipse\jetty\jetty-servlet\10.0.19\jetty-servlet-10.0.19.jar;C:\Users\dc-user\.m2\repository\org\eclipse\jetty\jetty-xml\10.0.19\jetty-xml-10.0.19.jar;C:\Users\dc-user\.m2\repository\org\eclipse\jetty\jetty-util\10.0.19\jetty-util-10.0.19.jar;C:\Users\dc-user\.m2\repository\org\eclipse\jetty\websocket\websocket-jetty-server\10.0.19\websocket-jetty-server-10.0.19.jar;C:\Users\dc-user\.m2\repository\org\eclipse\jetty\websocket\websocket-jetty-api\10.0.19\websocket-jetty-api-10.0.19.jar;C:\Users\dc-user\.m2\repository\org\eclipse\jetty\websocket\websocket-jetty-common\10.0.19\websocket-jetty-common-10.0.19.jar;C:\Users\dc-user\.m2\repository\org\eclipse\jetty\websocket\websocket-core-common\10.0.19\websocket-core-common-10.0.19.jar;C:\Users\dc-user\.m2\repository\org\eclipse\jetty\websocket\websocket-servlet\10.0.19\websocket-servlet-10.0.19.jar;C:\Users\dc-user\.m2\repository\org\eclipse\jetty\websocket\websocket-core-server\10.0.19\websocket-core-server-10.0.19.jar;C:\Users\dc-user\.m2\repository\org\eclipse\jetty\toolchain\jetty-servlet-api\4.0.6\jetty-servlet-api-4.0.6.jar;C:\Users\dc-user\.m2\repository\org\jenkins-ci\main\jenkins-test-harness-htmlunit\164.v87e5a_1809c10\jenkins-test-harness-htmlunit-164.v87e5a_1809c10.jar;C:\Users\dc-user\.m2\repository\org\junit\jupiter\junit-jupiter-api\5.10.2\junit-jupiter-api-5.10.2.jar;C:\Users\dc-user\.m2\repository\org\opentest4j\opentest4j\1.3.0\opentest4j-1.3.0.jar;C:\Users\dc-user\.m2\repository\org\junit\platform\junit-platform-commons\1.10.2\junit-platform-commons-1.10.2.jar;C:\Users\dc-user\.m2\repository\org\netbeans\modules\org-netbeans-insane\RELEASE200\org-netbeans-insane-RELEASE200.jar;C:\Users\dc-user\.m2\repository\org\openjdk\jmh\jmh-core\1.37\jmh-core-1.37.jar;C:\Users\dc-user\.m2\repository\net\sf\jopt-simple\jopt-simple\5.0.4\jopt-simple-5.0.4.jar;C:\Users\dc-user\.m2\repository\org\apache\commons\commons-math3\3.6.1\commons-math3-3.6.1.jar;C:\Users\dc-user\.m2\repository\org\openjdk\jmh\jmh-generator-annprocess\1.37\jmh-generator-annprocess-1.37.jar;C:\Users\dc-user\.m2\repository\org\jenkins-ci\test-annotations\1.4\test-annotations-1.4.jar;C:\Users\dc-user\.m2\repository\org\junit\jupiter\junit-jupiter\5.10.2\junit-jupiter-5.10.2.jar;C:\Users\dc-user\.m2\repository\org\junit\jupiter\junit-jupiter-params\5.10.2\junit-jupiter-params-5.10.2.jar;C:\Users\dc-user\.m2\repository\org\junit\jupiter\junit-jupiter-engine\5.10.2\junit-jupiter-engine-5.10.2.jar;C:\Users\dc-user\.m2\repository\org\junit\vintage\junit-vintage-engine\5.10.2\junit-vintage-engine-5.10.2.jar;C:\Users\dc-user\.m2\repository\org\junit\platform\junit-platform-engine\1.10.2\junit-platform-engine-1.10.2.jar;C:\Users\dc-user\.m2\repository\org\apiguardian\apiguardian-api\1.1.2\apiguardian-api-1.1.2.jar;"/>
    <property name="java.vm.vendor" value="Eclipse Adoptium"/>
    <property name="sun.arch.data.model" value="64"/>
    <property name="user.variant" value=""/>
    <property name="java.vendor.url" value="https://adoptium.net/"/>
    <property name="user.timezone" value="America/Chicago"/>
    <property name="os.name" value="Windows Server 2019"/>
    <property name="java.vm.specification.version" value="17"/>
    <property name="user.country" value="US"/>
    <property name="sun.java.launcher" value="SUN_STANDARD"/>
    <property name="sun.boot.library.path" value="D:\jdk-17.0.9+9\bin"/>
    <property name="sun.java.command" value="C:\Users\dc-user\AppData\Local\Temp\2\surefire14898960074001212512\surefirebooter-20240316200933868_9.jar C:\Users\dc-user\AppData\Local\Temp\2\surefire14898960074001212512 2024-03-16T20-09-31_737-jvmRun1 surefire-20240316200933868_7tmp surefire_1-20240316200933868_8tmp"/>
    <property name="jdk.debug" value="release"/>
    <property name="surefire.test.class.path" value="D:\WorkArea\folder-tear-down\target\test-classes;D:\WorkArea\folder-tear-down\target\classes;C:\Users\dc-user\.m2\repository\org\jenkins-ci\plugins\workflow\workflow-multibranch\756.v891d88f2cd46\workflow-multibranch-756.v891d88f2cd46.jar;C:\Users\dc-user\.m2\repository\org\jenkins-ci\plugins\workflow\workflow-step-api\639.v6eca_cd8c04a_a_\workflow-step-api-639.v6eca_cd8c04a_a_.jar;C:\Users\dc-user\.m2\repository\org\jenkins-ci\plugins\workflow\workflow-job\1360.vc6700e3136f5\workflow-job-1360.vc6700e3136f5.jar;C:\Users\dc-user\.m2\repository\io\jenkins\plugins\ionicons-api\56.v1b_1c8c49374e\ionicons-api-56.v1b_1c8c49374e.jar;C:\Users\dc-user\.m2\repository\org\jenkins-ci\plugins\workflow\workflow-support\865.v43e78cc44e0d\workflow-support-865.v43e78cc44e0d.jar;C:\Users\dc-user\.m2\repository\io\jenkins\plugins\caffeine-api\3.1.8-133.v17b_1ff2e0599\caffeine-api-3.1.8-133.v17b_1ff2e0599.jar;C:\Users\dc-user\.m2\repository\com\github\ben-manes\caffeine\caffeine\3.1.8\caffeine-3.1.8.jar;C:\Users\dc-user\.m2\repository\org\jboss\marshalling\jboss-marshalling-river\2.1.2.Final\jboss-marshalling-river-2.1.2.Final.jar;C:\Users\dc-user\.m2\repository\org\jboss\marshalling\jboss-marshalling\2.1.2.Final\jboss-marshalling-2.1.2.Final.jar;C:\Users\dc-user\.m2\repository\org\jenkins-ci\plugins\workflow\workflow-cps\3806.va_3a_6988277b_2\workflow-cps-3806.va_3a_6988277b_2.jar;C:\Users\dc-user\.m2\repository\com\cloudbees\groovy-cps\3806.va_3a_6988277b_2\groovy-cps-3806.va_3a_6988277b_2.jar;C:\Users\dc-user\.m2\repository\com\cloudbees\diff4j\1.3\diff4j-1.3.jar;C:\Users\dc-user\.m2\repository\org\jenkins-ci\plugins\scm-api\676.v886669a_199a_a_\scm-api-676.v886669a_199a_a_.jar;C:\Users\dc-user\.m2\repository\org\jenkins-ci\plugins\branch-api\2.1128.v717130d4f816\branch-api-2.1128.v717130d4f816.jar;C:\Users\dc-user\.m2\repository\org\jenkins-ci\plugins\cloudbees-folder\6.858.v898218f3609d\cloudbees-folder-6.858.v898218f3609d.jar;C:\Users\dc-user\.m2\repository\org\jenkins-ci\plugins\workflow\workflow-api\1283.v99c10937efcb_\workflow-api-1283.v99c10937efcb_.jar;C:\Users\dc-user\.m2\repository\org\jenkins-ci\plugins\workflow\workflow-scm-step\415.v434365564324\workflow-scm-step-415.v434365564324.jar;C:\Users\dc-user\.m2\repository\org\jenkins-ci\plugins\script-security\1275.v23895f409fb_d\script-security-1275.v23895f409fb_d.jar;C:\Users\dc-user\.m2\repository\org\kohsuke\groovy-sandbox\1.33\groovy-sandbox-1.33.jar;C:\Users\dc-user\.m2\repository\org\jenkins-ci\plugins\git\5.2.1\git-5.2.1.jar;C:\Users\dc-user\.m2\repository\org\jenkins-ci\plugins\structs\325.vcb_307d2a_2782\structs-325.vcb_307d2a_2782.jar;C:\Users\dc-user\.m2\repository\org\jenkins-ci\plugins\git-client\4.5.0\git-client-4.5.0.jar;C:\Users\dc-user\.m2\repository\io\jenkins\plugins\mina-sshd-api\mina-sshd-api-common\2.11.0-86.v836f585d47fa_\mina-sshd-api-common-2.11.0-86.v836f585d47fa_.jar;C:\Users\dc-user\.m2\repository\org\apache\sshd\sshd-common\2.11.0\sshd-common-2.11.0.jar;C:\Users\dc-user\.m2\repository\io\jenkins\plugins\mina-sshd-api\mina-sshd-api-core\2.11.0-86.v836f585d47fa_\mina-sshd-api-core-2.11.0-86.v836f585d47fa_.jar;C:\Users\dc-user\.m2\repository\org\apache\sshd\sshd-core\2.11.0\sshd-core-2.11.0.jar;C:\Users\dc-user\.m2\repository\org\eclipse\jgit\org.eclipse.jgit\6.7.0.202309050840-r\org.eclipse.jgit-6.7.0.202309050840-r.jar;C:\Users\dc-user\.m2\repository\com\googlecode\javaewah\JavaEWAH\1.2.3\JavaEWAH-1.2.3.jar;C:\Users\dc-user\.m2\repository\org\eclipse\jgit\org.eclipse.jgit.http.apache\6.7.0.202309050840-r\org.eclipse.jgit.http.apache-6.7.0.202309050840-r.jar;C:\Users\dc-user\.m2\repository\org\eclipse\jgit\org.eclipse.jgit.http.server\6.7.0.202309050840-r\org.eclipse.jgit.http.server-6.7.0.202309050840-r.jar;C:\Users\dc-user\.m2\repository\org\eclipse\jgit\org.eclipse.jgit.lfs\6.7.0.202309050840-r\org.eclipse.jgit.lfs-6.7.0.202309050840-r.jar;C:\Users\dc-user\.m2\repository\com\google\code\gson\gson\2.10.1\gson-2.10.1.jar;C:\Users\dc-user\.m2\repository\org\eclipse\jgit\org.eclipse.jgit.ssh.apache\6.7.0.202309050840-r\org.eclipse.jgit.ssh.apache-6.7.0.202309050840-r.jar;C:\Users\dc-user\.m2\repository\org\jenkins-ci\plugins\apache-httpcomponents-client-4-api\4.5.14-208.v438351942757\apache-httpcomponents-client-4-api-4.5.14-208.v438351942757.jar;C:\Users\dc-user\.m2\repository\org\apache\httpcomponents\fluent-hc\4.5.14\fluent-hc-4.5.14.jar;C:\Users\dc-user\.m2\repository\org\apache\httpcomponents\httpasyncclient\4.1.5\httpasyncclient-4.1.5.jar;C:\Users\dc-user\.m2\repository\org\apache\httpcomponents\httpasyncclient-cache\4.1.5\httpasyncclient-cache-4.1.5.jar;C:\Users\dc-user\.m2\repository\org\apache\httpcomponents\httpclient\4.5.14\httpclient-4.5.14.jar;C:\Users\dc-user\.m2\repository\org\apache\httpcomponents\httpclient-cache\4.5.14\httpclient-cache-4.5.14.jar;C:\Users\dc-user\.m2\repository\org\apache\httpcomponents\httpcore\4.4.16\httpcore-4.4.16.jar;C:\Users\dc-user\.m2\repository\org\apache\httpcomponents\httpcore-nio\4.4.16\httpcore-nio-4.4.16.jar;C:\Users\dc-user\.m2\repository\org\apache\httpcomponents\httpmime\4.5.14\httpmime-4.5.14.jar;C:\Users\dc-user\.m2\repository\org\jenkins-ci\plugins\trilead-api\2.84.v72119de229b_7\trilead-api-2.84.v72119de229b_7.jar;C:\Users\dc-user\.m2\repository\org\jenkins-ci\trilead-ssh2\build-217-jenkins-247.v708a_8b_14f4b_a\trilead-ssh2-build-217-jenkins-247.v708a_8b_14f4b_a.jar;C:\Users\dc-user\.m2\repository\com\google\crypto\tink\tink\1.7.0\tink-1.7.0.jar;C:\Users\dc-user\.m2\repository\org\kohsuke\trilead-putty-extension\1.2\trilead-putty-extension-1.2.jar;C:\Users\dc-user\.m2\repository\org\jenkins-ci\plugins\credentials\1307.v3757c78f17c3\credentials-1307.v3757c78f17c3.jar;C:\Users\dc-user\.m2\repository\org\jenkins-ci\plugins\ssh-credentials\308.ve4497b_ccd8f4\ssh-credentials-308.ve4497b_ccd8f4.jar;C:\Users\dc-user\.m2\repository\org\jenkins-ci\plugins\mailer\463.vedf8358e006b_\mailer-463.vedf8358e006b_.jar;C:\Users\dc-user\.m2\repository\org\jenkins-ci\modules\instance-identity\185.v303dc7c645f9\instance-identity-185.v303dc7c645f9.jar;C:\Users\dc-user\.m2\repository\org\jenkins-ci\plugins\bouncycastle-api\2.29\bouncycastle-api-2.29.jar;C:\Users\dc-user\.m2\repository\org\bouncycastle\bcpkix-jdk18on\1.75\bcpkix-jdk18on-1.75.jar;C:\Users\dc-user\.m2\repository\org\bouncycastle\bcprov-jdk18on\1.75\bcprov-jdk18on-1.75.jar;C:\Users\dc-user\.m2\repository\org\bouncycastle\bcutil-jdk18on\1.75\bcutil-jdk18on-1.75.jar;C:\Users\dc-user\.m2\repository\io\jenkins\plugins\jakarta-mail-api\2.0.1-3\jakarta-mail-api-2.0.1-3.jar;C:\Users\dc-user\.m2\repository\com\sun\mail\jakarta.mail\2.0.1\jakarta.mail-2.0.1.jar;C:\Users\dc-user\.m2\repository\io\jenkins\plugins\jakarta-activation-api\2.0.1-3\jakarta-activation-api-2.0.1-3.jar;C:\Users\dc-user\.m2\repository\com\sun\activation\jakarta.activation\2.0.1\jakarta.activation-2.0.1.jar;C:\Users\dc-user\.m2\repository\org\jenkins-ci\plugins\credentials-binding\642.v737c34dea_6c2\credentials-binding-642.v737c34dea_6c2.jar;C:\Users\dc-user\.m2\repository\org\jenkins-ci\plugins\plain-credentials\143.v1b_df8b_d3b_e48\plain-credentials-143.v1b_df8b_d3b_e48.jar;C:\Users\dc-user\.m2\repository\org\jenkins-ci\annotation-indexer\1.12\annotation-indexer-1.12.jar;C:\Users\dc-user\.m2\repository\org\jenkins-ci\plugins\workflow\workflow-aggregator\2.5\workflow-aggregator-2.5.jar;C:\Users\dc-user\.m2\repository\org\jenkins-ci\plugins\workflow\workflow-durable-task-step\1289.v4d3e7b_01546b_\workflow-durable-task-step-1289.v4d3e7b_01546b_.jar;C:\Users\dc-user\.m2\repository\org\jenkins-ci\plugins\durable-task\523.va_a_22cf15d5e0\durable-task-523.va_a_22cf15d5e0.jar;C:\Users\dc-user\.m2\repository\io\jenkins\plugins\lib-durable-task\40.vc66cf8fb_4613\lib-durable-task-40.vc66cf8fb_4613.jar;C:\Users\dc-user\.m2\repository\org\jenkins-ci\plugins\workflow\workflow-basic-steps\1042.ve7b_140c4a_e0c\workflow-basic-steps-1042.ve7b_140c4a_e0c.jar;C:\Users\dc-user\.m2\repository\org\jenkins-ci\plugins\pipeline-build-step\516.v8ee60a_81c5b_9\pipeline-build-step-516.v8ee60a_81c5b_9.jar;C:\Users\dc-user\.m2\repository\org\jenkins-ci\plugins\pipeline-input-step\477.v339683a_8d55e\pipeline-input-step-477.v339683a_8d55e.jar;C:\Users\dc-user\.m2\repository\org\jenkins-ci\plugins\pipeline-stage-step\305.ve96d0205c1c6\pipeline-stage-step-305.ve96d0205c1c6.jar;C:\Users\dc-user\.m2\repository\org\jenkins-ci\plugins\pipeline-stage-view\pipeline-stage-view\2.34\pipeline-stage-view-2.34.jar;C:\Users\dc-user\.m2\repository\org\jenkins-ci\plugins\pipeline-stage-view\pipeline-rest-api\2.34\pipeline-rest-api-2.34.jar;C:\Users\dc-user\.m2\repository\org\jenkins-ci\plugins\pipeline-graph-analysis\202.va_d268e64deb_3\pipeline-graph-analysis-202.va_d268e64deb_3.jar;C:\Users\dc-user\.m2\repository\org\jenkins-ci\plugins\pipeline-milestone-step\111.v449306f708b_7\pipeline-milestone-step-111.v449306f708b_7.jar;C:\Users\dc-user\.m2\repository\org\jenkinsci\plugins\pipeline-model-definition\2.2150.v4cfd8916915c\pipeline-model-definition-2.2150.v4cfd8916915c.jar;C:\Users\dc-user\.m2\repository\org\jenkinsci\plugins\pipeline-model-api\2.2150.v4cfd8916915c\pipeline-model-api-2.2150.v4cfd8916915c.jar;C:\Users\dc-user\.m2\repository\com\github\java-json-tools\json-schema-validator\2.2.14\json-schema-validator-2.2.14.jar;C:\Users\dc-user\.m2\repository\com\github\java-json-tools\jackson-coreutils-equivalence\1.0\jackson-coreutils-equivalence-1.0.jar;C:\Users\dc-user\.m2\repository\com\github\java-json-tools\jackson-coreutils\2.0\jackson-coreutils-2.0.jar;C:\Users\dc-user\.m2\repository\com\github\java-json-tools\msg-simple\1.2\msg-simple-1.2.jar;C:\Users\dc-user\.m2\repository\com\github\java-json-tools\btf\1.3\btf-1.3.jar;C:\Users\dc-user\.m2\repository\com\github\java-json-tools\json-schema-core\1.2.14\json-schema-core-1.2.14.jar;C:\Users\dc-user\.m2\repository\com\github\java-json-tools\uri-template\0.10\uri-template-0.10.jar;C:\Users\dc-user\.m2\repository\org\mozilla\rhino\1.7.7.2\rhino-1.7.7.2.jar;C:\Users\dc-user\.m2\repository\com\sun\mail\mailapi\1.6.2\mailapi-1.6.2.jar;C:\Users\dc-user\.m2\repository\joda-time\joda-time\2.10.5\joda-time-2.10.5.jar;C:\Users\dc-user\.m2\repository\com\googlecode\libphonenumber\libphonenumber\8.11.1\libphonenumber-8.11.1.jar;C:\Users\dc-user\.m2\repository\org\jenkinsci\plugins\pipeline-model-extensions\2.2150.v4cfd8916915c\pipeline-model-extensions-2.2150.v4cfd8916915c.jar;C:\Users\dc-user\.m2\repository\org\jenkinsci\plugins\pipeline-stage-tags-metadata\2.2150.v4cfd8916915c\pipeline-stage-tags-metadata-2.2150.v4cfd8916915c.jar;C:\Users\dc-user\.m2\repository\io\jenkins\plugins\pipeline-groovy-lib\689.veec561a_dee13\pipeline-groovy-lib-689.veec561a_dee13.jar;C:\Users\dc-user\.m2\repository\org\jenkins-ci\plugins\variant\60.v7290fc0eb_b_cd\variant-60.v7290fc0eb_b_cd.jar;C:\Users\dc-user\.m2\repository\org\jenkins-ci\plugins\workflow\workflow-cps-global-lib\2.21\workflow-cps-global-lib-2.21.jar;C:\Users\dc-user\.m2\repository\org\apache\ivy\ivy\2.4.0\ivy-2.4.0.jar;C:\Users\dc-user\.m2\repository\org\jenkins-ci\plugins\git-server\99.va_0826a_b_cdfa_d\git-server-99.va_0826a_b_cdfa_d.jar;C:\Users\dc-user\.m2\repository\org\jenkins-ci\modules\sshd\3.312.v1c601b_c83b_0e\sshd-3.312.v1c601b_c83b_0e.jar;C:\Users\dc-user\.m2\repository\net\i2p\crypto\eddsa\0.3.0\eddsa-0.3.0.jar;C:\Users\dc-user\.m2\repository\org\jenkins-ci\plugins\scm-api\2.6.5\scm-api-2.6.5-tests.jar;C:\Users\dc-user\.m2\repository\org\jenkins-ci\plugins\git\5.2.1\git-5.2.1-tests.jar;C:\Users\dc-user\.m2\repository\org\hamcrest\hamcrest-core\2.2\hamcrest-core-2.2.jar;C:\Users\dc-user\.m2\repository\org\hamcrest\hamcrest\2.2\hamcrest-2.2.jar;C:\Users\dc-user\.m2\repository\org\hamcrest\hamcrest-library\2.2\hamcrest-library-2.2.jar;C:\Users\dc-user\.m2\repository\org\mockito\mockito-all\1.10.19\mockito-all-1.10.19.jar;C:\Users\dc-user\.m2\repository\org\jenkins-ci\plugins\junit\1.53\junit-1.53.jar;C:\Users\dc-user\.m2\repository\io\jenkins\plugins\echarts-api\5.4.0-7\echarts-api-5.4.0-7.jar;C:\Users\dc-user\.m2\repository\io\jenkins\plugins\font-awesome-api\6.4.2-1\font-awesome-api-6.4.2-1.jar;C:\Users\dc-user\.m2\repository\io\jenkins\plugins\bootstrap5-api\5.3.2-2\bootstrap5-api-5.3.2-2.jar;C:\Users\dc-user\.m2\repository\io\jenkins\plugins\jquery3-api\3.7.1-1\jquery3-api-3.7.1-1.jar;C:\Users\dc-user\.m2\repository\io\jenkins\plugins\checks-api\2.0.2\checks-api-2.0.2.jar;C:\Users\dc-user\.m2\repository\io\jenkins\plugins\commons-text-api\1.11.0-94.v3e1f4a_926e49\commons-text-api-1.11.0-94.v3e1f4a_926e49.jar;C:\Users\dc-user\.m2\repository\org\apache\commons\commons-text\1.11.0\commons-text-1.11.0.jar;C:\Users\dc-user\.m2\repository\io\jenkins\plugins\commons-lang3-api\3.13.0-62.v7d18e55f51e2\commons-lang3-api-3.13.0-62.v7d18e55f51e2.jar;C:\Users\dc-user\.m2\repository\org\apache\commons\commons-lang3\3.13.0\commons-lang3-3.13.0.jar;C:\Users\dc-user\.m2\repository\io\jenkins\plugins\plugin-util-api\3.6.0\plugin-util-api-3.6.0.jar;C:\Users\dc-user\.m2\repository\org\jenkins-ci\plugins\display-url-api\2.200.vb_9327d658781\display-url-api-2.200.vb_9327d658781.jar;C:\Users\dc-user\.m2\repository\io\jenkins\plugins\bootstrap4-api\4.6.0-3\bootstrap4-api-4.6.0-3.jar;C:\Users\dc-user\.m2\repository\io\jenkins\plugins\popper-api\1.16.1-2\popper-api-1.16.1-2.jar;C:\Users\dc-user\.m2\repository\org\jenkins-ci\plugins\jackson2-api\2.15.3-366.vfe8d1fa_f8c87\jackson2-api-2.15.3-366.vfe8d1fa_f8c87.jar;C:\Users\dc-user\.m2\repository\com\fasterxml\jackson\core\jackson-databind\2.15.3\jackson-databind-2.15.3.jar;C:\Users\dc-user\.m2\repository\com\fasterxml\jackson\datatype\jackson-datatype-jsr310\2.15.3\jackson-datatype-jsr310-2.15.3.jar;C:\Users\dc-user\.m2\repository\com\fasterxml\jackson\datatype\jackson-datatype-jdk8\2.15.3\jackson-datatype-jdk8-2.15.3.jar;C:\Users\dc-user\.m2\repository\com\fasterxml\jackson\datatype\jackson-datatype-json-org\2.15.3\jackson-datatype-json-org-2.15.3.jar;C:\Users\dc-user\.m2\repository\org\json\json\20230227\json-20230227.jar;C:\Users\dc-user\.m2\repository\com\fasterxml\jackson\module\jackson-module-parameter-names\2.15.3\jackson-module-parameter-names-2.15.3.jar;C:\Users\dc-user\.m2\repository\com\fasterxml\jackson\core\jackson-core\2.15.3\jackson-core-2.15.3.jar;C:\Users\dc-user\.m2\repository\com\fasterxml\jackson\core\jackson-annotations\2.15.3\jackson-annotations-2.15.3.jar;C:\Users\dc-user\.m2\repository\com\fasterxml\jackson\module\jackson-module-jaxb-annotations\2.15.3\jackson-module-jaxb-annotations-2.15.3.jar;C:\Users\dc-user\.m2\repository\com\fasterxml\jackson\dataformat\jackson-dataformat-cbor\2.15.3\jackson-dataformat-cbor-2.15.3.jar;C:\Users\dc-user\.m2\repository\com\fasterxml\jackson\dataformat\jackson-dataformat-xml\2.15.3\jackson-dataformat-xml-2.15.3.jar;C:\Users\dc-user\.m2\repository\org\codehaus\woodstox\stax2-api\4.2.1\stax2-api-4.2.1.jar;C:\Users\dc-user\.m2\repository\com\fasterxml\woodstox\woodstox-core\6.5.1\woodstox-core-6.5.1.jar;C:\Users\dc-user\.m2\repository\com\fasterxml\jackson\dataformat\jackson-dataformat-yaml\2.15.3\jackson-dataformat-yaml-2.15.3.jar;C:\Users\dc-user\.m2\repository\io\jenkins\plugins\javax-activation-api\1.2.0-6\javax-activation-api-1.2.0-6.jar;C:\Users\dc-user\.m2\repository\com\sun\activation\javax.activation\1.2.0\javax.activation-1.2.0.jar;C:\Users\dc-user\.m2\repository\io\jenkins\plugins\jaxb\2.3.9-1\jaxb-2.3.9-1.jar;C:\Users\dc-user\.m2\repository\com\sun\xml\bind\jaxb-impl\2.3.9\jaxb-impl-2.3.9.jar;C:\Users\dc-user\.m2\repository\javax\xml\bind\jaxb-api\2.3.1\jaxb-api-2.3.1.jar;C:\Users\dc-user\.m2\repository\io\jenkins\plugins\snakeyaml-api\2.2-111.vc6598e30cc65\snakeyaml-api-2.2-111.vc6598e30cc65.jar;C:\Users\dc-user\.m2\repository\org\yaml\snakeyaml\2.2\snakeyaml-2.2.jar;C:\Users\dc-user\.m2\repository\org\jenkins-ci\main\jenkins-core\2.426.3\jenkins-core-2.426.3.jar;C:\Users\dc-user\.m2\repository\org\jenkins-ci\main\cli\2.426.3\cli-2.426.3.jar;C:\Users\dc-user\.m2\repository\org\jenkins-ci\main\remoting\3160.vd76b_9ddd10cc\remoting-3160.vd76b_9ddd10cc.jar;C:\Users\dc-user\.m2\repository\args4j\args4j\2.33\args4j-2.33.jar;C:\Users\dc-user\.m2\repository\com\github\spotbugs\spotbugs-annotations\4.7.3\spotbugs-annotations-4.7.3.jar;C:\Users\dc-user\.m2\repository\com\google\guava\guava\32.1.2-jre\guava-32.1.2-jre.jar;C:\Users\dc-user\.m2\repository\com\google\guava\failureaccess\1.0.1\failureaccess-1.0.1.jar;C:\Users\dc-user\.m2\repository\com\google\guava\listenablefuture\9999.0-empty-to-avoid-conflict-with-guava\listenablefuture-9999.0-empty-to-avoid-conflict-with-guava.jar;C:\Users\dc-user\.m2\repository\com\google\code\findbugs\jsr305\3.0.1\jsr305-3.0.1.jar;C:\Users\dc-user\.m2\repository\com\google\inject\guice\6.0.0\guice-6.0.0.jar;C:\Users\dc-user\.m2\repository\javax\inject\javax.inject\1\javax.inject-1.jar;C:\Users\dc-user\.m2\repository\jakarta\inject\jakarta.inject-api\2.0.1\jakarta.inject-api-2.0.1.jar;C:\Users\dc-user\.m2\repository\com\infradna\tool\bridge-method-annotation\1.29\bridge-method-annotation-1.29.jar;C:\Users\dc-user\.m2\repository\com\jcraft\jzlib\1.1.3-kohsuke-1\jzlib-1.1.3-kohsuke-1.jar;C:\Users\dc-user\.m2\repository\com\sun\solaris\embedded_su4j\1.1\embedded_su4j-1.1.jar;C:\Users\dc-user\.m2\repository\com\sun\xml\txw2\txw2\20110809\txw2-20110809.jar;C:\Users\dc-user\.m2\repository\relaxngDatatype\relaxngDatatype\20020414\relaxngDatatype-20020414.jar;C:\Users\dc-user\.m2\repository\com\thoughtworks\xstream\xstream\1.4.20\xstream-1.4.20.jar;C:\Users\dc-user\.m2\repository\io\github\x-stream\mxparser\1.2.2\mxparser-1.2.2.jar;C:\Users\dc-user\.m2\repository\commons-beanutils\commons-beanutils\1.9.4\commons-beanutils-1.9.4.jar;C:\Users\dc-user\.m2\repository\commons-codec\commons-codec\1.16.0\commons-codec-1.16.0.jar;C:\Users\dc-user\.m2\repository\commons-collections\commons-collections\3.2.2\commons-collections-3.2.2.jar;C:\Users\dc-user\.m2\repository\commons-fileupload\commons-fileupload\1.5\commons-fileupload-1.5.jar;C:\Users\dc-user\.m2\repository\commons-io\commons-io\2.13.0\commons-io-2.13.0.jar;C:\Users\dc-user\.m2\repository\commons-jelly\commons-jelly-tags-fmt\1.0\commons-jelly-tags-fmt-1.0.jar;C:\Users\dc-user\.m2\repository\commons-jelly\commons-jelly-tags-xml\1.1\commons-jelly-tags-xml-1.1.jar;C:\Users\dc-user\.m2\repository\commons-lang\commons-lang\2.6\commons-lang-2.6.jar;C:\Users\dc-user\.m2\repository\io\jenkins\stapler\jenkins-stapler-support\1.1\jenkins-stapler-support-1.1.jar;C:\Users\dc-user\.m2\repository\jakarta\servlet\jsp\jstl\jakarta.servlet.jsp.jstl-api\1.2.7\jakarta.servlet.jsp.jstl-api-1.2.7.jar;C:\Users\dc-user\.m2\repository\jaxen\jaxen\2.0.0\jaxen-2.0.0.jar;C:\Users\dc-user\.m2\repository\jline\jline\2.14.6\jline-2.14.6.jar;C:\Users\dc-user\.m2\repository\net\java\dev\jna\jna\5.13.0\jna-5.13.0.jar;C:\Users\dc-user\.m2\repository\net\java\sezpoz\sezpoz\1.13\sezpoz-1.13.jar;C:\Users\dc-user\.m2\repository\net\jcip\jcip-annotations\1.0\jcip-annotations-1.0.jar;C:\Users\dc-user\.m2\repository\org\antlr\antlr4-runtime\4.13.1\antlr4-runtime-4.13.1.jar;C:\Users\dc-user\.m2\repository\org\apache\ant\ant\1.10.14\ant-1.10.14.jar;C:\Users\dc-user\.m2\repository\org\apache\ant\ant-launcher\1.10.14\ant-launcher-1.10.14.jar;C:\Users\dc-user\.m2\repository\org\apache\commons\commons-compress\1.24.0\commons-compress-1.24.0.jar;C:\Users\dc-user\.m2\repository\org\codehaus\groovy\groovy-all\2.4.21\groovy-all-2.4.21.jar;C:\Users\dc-user\.m2\repository\org\connectbot\jbcrypt\jbcrypt\1.0.0\jbcrypt-1.0.0.jar;C:\Users\dc-user\.m2\repository\org\fusesource\jansi\jansi\1.11\jansi-1.11.jar;C:\Users\dc-user\.m2\repository\org\jenkins-ci\commons-jexl\1.1-jenkins-20111212\commons-jexl-1.1-jenkins-20111212.jar;C:\Users\dc-user\.m2\repository\org\jenkins-ci\crypto-util\1.9\crypto-util-1.9.jar;C:\Users\dc-user\.m2\repository\org\jenkins-ci\memory-monitor\1.12\memory-monitor-1.12.jar;C:\Users\dc-user\.m2\repository\org\jenkins-ci\symbol-annotation\1.24\symbol-annotation-1.24.jar;C:\Users\dc-user\.m2\repository\org\jenkins-ci\task-reactor\1.8\task-reactor-1.8.jar;C:\Users\dc-user\.m2\repository\org\jenkins-ci\version-number\1.11\version-number-1.11.jar;C:\Users\dc-user\.m2\repository\org\jenkins-ci\main\websocket-spi\2.426.3\websocket-spi-2.426.3.jar;C:\Users\dc-user\.m2\repository\org\jfree\jfreechart\1.0.19\jfreechart-1.0.19.jar;C:\Users\dc-user\.m2\repository\org\jfree\jcommon\1.0.23\jcommon-1.0.23.jar;C:\Users\dc-user\.m2\repository\org\jvnet\hudson\commons-jelly-tags-define\1.1-jenkins-20230713\commons-jelly-tags-define-1.1-jenkins-20230713.jar;C:\Users\dc-user\.m2\repository\org\jvnet\localizer\localizer\1.31\localizer-1.31.jar;C:\Users\dc-user\.m2\repository\org\jvnet\robust-http-client\robust-http-client\1.2\robust-http-client-1.2.jar;C:\Users\dc-user\.m2\repository\org\jvnet\winp\winp\1.30\winp-1.30.jar;C:\Users\dc-user\.m2\repository\org\kohsuke\access-modifier-annotation\1.33\access-modifier-annotation-1.33.jar;C:\Users\dc-user\.m2\repository\org\kohsuke\windows-package-checker\1.2\windows-package-checker-1.2.jar;C:\Users\dc-user\.m2\repository\org\kohsuke\jinterop\j-interop\2.0.8-kohsuke-1\j-interop-2.0.8-kohsuke-1.jar;C:\Users\dc-user\.m2\repository\org\kohsuke\jinterop\j-interopdeps\2.0.8-kohsuke-1\j-interopdeps-2.0.8-kohsuke-1.jar;C:\Users\dc-user\.m2\repository\org\samba\jcifs\jcifs\1.3.18-kohsuke-1\jcifs-1.3.18-kohsuke-1.jar;C:\Users\dc-user\.m2\repository\org\kohsuke\stapler\json-lib\2.4-jenkins-3\json-lib-2.4-jenkins-3.jar;C:\Users\dc-user\.m2\repository\net\sf\ezmorph\ezmorph\1.0.6\ezmorph-1.0.6.jar;C:\Users\dc-user\.m2\repository\org\kohsuke\stapler\stapler\1814.vdc9dd5217ee2\stapler-1814.vdc9dd5217ee2.jar;C:\Users\dc-user\.m2\repository\commons-discovery\commons-discovery\0.5\commons-discovery-0.5.jar;C:\Users\dc-user\.m2\repository\jakarta\annotation\jakarta.annotation-api\2.1.1\jakarta.annotation-api-2.1.1.jar;C:\Users\dc-user\.m2\repository\javax\annotation\javax.annotation-api\1.3.2\javax.annotation-api-1.3.2.jar;C:\Users\dc-user\.m2\repository\org\jvnet\tiger-types\2.2\tiger-types-2.2.jar;C:\Users\dc-user\.m2\repository\org\kohsuke\stapler\stapler-adjunct-codemirror\1.3\stapler-adjunct-codemirror-1.3.jar;C:\Users\dc-user\.m2\repository\org\kohsuke\stapler\stapler-adjunct-timeline\1.5\stapler-adjunct-timeline-1.5.jar;C:\Users\dc-user\.m2\repository\org\kohsuke\stapler\stapler-groovy\1814.vdc9dd5217ee2\stapler-groovy-1814.vdc9dd5217ee2.jar;C:\Users\dc-user\.m2\repository\org\kohsuke\stapler\stapler-jelly\1814.vdc9dd5217ee2\stapler-jelly-1814.vdc9dd5217ee2.jar;C:\Users\dc-user\.m2\repository\org\dom4j\dom4j\2.1.4\dom4j-2.1.4.jar;C:\Users\dc-user\.m2\repository\org\jenkins-ci\commons-jelly\1.1-jenkins-20230713\commons-jelly-1.1-jenkins-20230713.jar;C:\Users\dc-user\.m2\repository\org\ow2\asm\asm\9.6\asm-9.6.jar;C:\Users\dc-user\.m2\repository\org\ow2\asm\asm-analysis\9.6\asm-analysis-9.6.jar;C:\Users\dc-user\.m2\repository\org\ow2\asm\asm-commons\9.6\asm-commons-9.6.jar;C:\Users\dc-user\.m2\repository\org\ow2\asm\asm-tree\9.6\asm-tree-9.6.jar;C:\Users\dc-user\.m2\repository\org\ow2\asm\asm-util\9.6\asm-util-9.6.jar;C:\Users\dc-user\.m2\repository\org\slf4j\jcl-over-slf4j\2.0.9\jcl-over-slf4j-2.0.9.jar;C:\Users\dc-user\.m2\repository\org\slf4j\slf4j-api\2.0.9\slf4j-api-2.0.9.jar;C:\Users\dc-user\.m2\repository\org\slf4j\log4j-over-slf4j\2.0.9\log4j-over-slf4j-2.0.9.jar;C:\Users\dc-user\.m2\repository\org\springframework\security\spring-security-web\5.8.7\spring-security-web-5.8.7.jar;C:\Users\dc-user\.m2\repository\org\springframework\security\spring-security-core\5.8.7\spring-security-core-5.8.7.jar;C:\Users\dc-user\.m2\repository\org\springframework\security\spring-security-crypto\5.8.7\spring-security-crypto-5.8.7.jar;C:\Users\dc-user\.m2\repository\org\springframework\spring-core\5.3.29\spring-core-5.3.29.jar;C:\Users\dc-user\.m2\repository\org\springframework\spring-aop\5.3.29\spring-aop-5.3.29.jar;C:\Users\dc-user\.m2\repository\org\springframework\spring-beans\5.3.29\spring-beans-5.3.29.jar;C:\Users\dc-user\.m2\repository\org\springframework\spring-context\5.3.29\spring-context-5.3.29.jar;C:\Users\dc-user\.m2\repository\org\springframework\spring-expression\5.3.29\spring-expression-5.3.29.jar;C:\Users\dc-user\.m2\repository\org\springframework\spring-web\5.3.29\spring-web-5.3.29.jar;C:\Users\dc-user\.m2\repository\xpp3\xpp3\1.1.4c\xpp3-1.1.4c.jar;C:\Users\dc-user\.m2\repository\org\jenkins-ci\main\jenkins-war\2.426.3\jenkins-war-2.426.3.war;C:\Users\dc-user\.m2\repository\org\jenkins-ci\main\websocket-jetty10\2.426.3\websocket-jetty10-2.426.3.jar;C:\Users\dc-user\.m2\repository\org\slf4j\slf4j-jdk14\2.0.9\slf4j-jdk14-2.0.9.jar;C:\Users\dc-user\.m2\repository\jakarta\servlet\jakarta.servlet-api\4.0.4\jakarta.servlet-api-4.0.4.jar;C:\Users\dc-user\.m2\repository\commons-logging\commons-logging\1.2\commons-logging-1.2.jar;C:\Users\dc-user\.m2\repository\org\jenkins-ci\main\jenkins-test-harness\2158.v9eed8a_eb_c04b_\jenkins-test-harness-2158.v9eed8a_eb_c04b_.jar;C:\Users\dc-user\.m2\repository\io\jenkins\lib\support-log-formatter\1.2\support-log-formatter-1.2.jar;C:\Users\dc-user\.m2\repository\junit\junit\4.13.2\junit-4.13.2.jar;C:\Users\dc-user\.m2\repository\org\eclipse\jetty\jetty-security\10.0.19\jetty-security-10.0.19.jar;C:\Users\dc-user\.m2\repository\org\eclipse\jetty\jetty-server\10.0.19\jetty-server-10.0.19.jar;C:\Users\dc-user\.m2\repository\org\eclipse\jetty\jetty-http\10.0.19\jetty-http-10.0.19.jar;C:\Users\dc-user\.m2\repository\org\eclipse\jetty\jetty-io\10.0.19\jetty-io-10.0.19.jar;C:\Users\dc-user\.m2\repository\org\eclipse\jetty\jetty-webapp\10.0.19\jetty-webapp-10.0.19.jar;C:\Users\dc-user\.m2\repository\org\eclipse\jetty\jetty-servlet\10.0.19\jetty-servlet-10.0.19.jar;C:\Users\dc-user\.m2\repository\org\eclipse\jetty\jetty-xml\10.0.19\jetty-xml-10.0.19.jar;C:\Users\dc-user\.m2\repository\org\eclipse\jetty\jetty-util\10.0.19\jetty-util-10.0.19.jar;C:\Users\dc-user\.m2\repository\org\eclipse\jetty\websocket\websocket-jetty-server\10.0.19\websocket-jetty-server-10.0.19.jar;C:\Users\dc-user\.m2\repository\org\eclipse\jetty\websocket\websocket-jetty-api\10.0.19\websocket-jetty-api-10.0.19.jar;C:\Users\dc-user\.m2\repository\org\eclipse\jetty\websocket\websocket-jetty-common\10.0.19\websocket-jetty-common-10.0.19.jar;C:\Users\dc-user\.m2\repository\org\eclipse\jetty\websocket\websocket-core-common\10.0.19\websocket-core-common-10.0.19.jar;C:\Users\dc-user\.m2\repository\org\eclipse\jetty\websocket\websocket-servlet\10.0.19\websocket-servlet-10.0.19.jar;C:\Users\dc-user\.m2\repository\org\eclipse\jetty\websocket\websocket-core-server\10.0.19\websocket-core-server-10.0.19.jar;C:\Users\dc-user\.m2\repository\org\eclipse\jetty\toolchain\jetty-servlet-api\4.0.6\jetty-servlet-api-4.0.6.jar;C:\Users\dc-user\.m2\repository\org\jenkins-ci\main\jenkins-test-harness-htmlunit\164.v87e5a_1809c10\jenkins-test-harness-htmlunit-164.v87e5a_1809c10.jar;C:\Users\dc-user\.m2\repository\org\junit\jupiter\junit-jupiter-api\5.10.2\junit-jupiter-api-5.10.2.jar;C:\Users\dc-user\.m2\repository\org\opentest4j\opentest4j\1.3.0\opentest4j-1.3.0.jar;C:\Users\dc-user\.m2\repository\org\junit\platform\junit-platform-commons\1.10.2\junit-platform-commons-1.10.2.jar;C:\Users\dc-user\.m2\repository\org\netbeans\modules\org-netbeans-insane\RELEASE200\org-netbeans-insane-RELEASE200.jar;C:\Users\dc-user\.m2\repository\org\openjdk\jmh\jmh-core\1.37\jmh-core-1.37.jar;C:\Users\dc-user\.m2\repository\net\sf\jopt-simple\jopt-simple\5.0.4\jopt-simple-5.0.4.jar;C:\Users\dc-user\.m2\repository\org\apache\commons\commons-math3\3.6.1\commons-math3-3.6.1.jar;C:\Users\dc-user\.m2\repository\org\openjdk\jmh\jmh-generator-annprocess\1.37\jmh-generator-annprocess-1.37.jar;C:\Users\dc-user\.m2\repository\org\jenkins-ci\test-annotations\1.4\test-annotations-1.4.jar;C:\Users\dc-user\.m2\repository\org\junit\jupiter\junit-jupiter\5.10.2\junit-jupiter-5.10.2.jar;C:\Users\dc-user\.m2\repository\org\junit\jupiter\junit-jupiter-params\5.10.2\junit-jupiter-params-5.10.2.jar;C:\Users\dc-user\.m2\repository\org\junit\jupiter\junit-jupiter-engine\5.10.2\junit-jupiter-engine-5.10.2.jar;C:\Users\dc-user\.m2\repository\org\junit\vintage\junit-vintage-engine\5.10.2\junit-vintage-engine-5.10.2.jar;C:\Users\dc-user\.m2\repository\org\junit\platform\junit-platform-engine\1.10.2\junit-platform-engine-1.10.2.jar;C:\Users\dc-user\.m2\repository\org\apiguardian\apiguardian-api\1.1.2\apiguardian-api-1.1.2.jar;"/>
    <property name="sun.cpu.endian" value="little"/>
    <property name="mail.smtps.sendpartial" value="true"/>
    <property name="user.home" value="C:\Users\dc-user"/>
    <property name="user.language" value="en"/>
    <property name="java.specification.vendor" value="Oracle Corporation"/>
    <property name="java.version.date" value="2023-10-17"/>
    <property name="java.home" value="D:\jdk-17.0.9+9"/>
    <property name="surefire.forkNumber" value="1"/>
    <property name="file.separator" value="\"/>
    <property name="basedir" value="D:\WorkArea\folder-tear-down"/>
    <property name="java.vm.compressedOopsMode" value="32-bit"/>
    <property name="line.separator" value="&#10;"/>
    <property name="java.vm.specification.vendor" value="Oracle Corporation"/>
    <property name="java.specification.name" value="Java Platform API Specification"/>
    <property name="java.awt.headless" value="true"/>
    <property name="org.eclipse.jetty.server.Request.maxFormContentSize" value="-1"/>
    <property name="surefire.real.class.path" value="C:\Users\dc-user\AppData\Local\Temp\2\surefire14898960074001212512\surefirebooter-20240316200933868_9.jar"/>
    <property name="user.script" value=""/>
    <property name="sun.management.compiler" value="HotSpot 64-Bit Tiered Compilers"/>
    <property name="java.runtime.version" value="17.0.9+9"/>
    <property name="user.name" value="dc-user"/>
    <property name="path.separator" value=";"/>
    <property name="os.version" value="10.0"/>
    <property name="java.runtime.name" value="OpenJDK Runtime Environment"/>
    <property name="file.encoding" value="Cp1252"/>
    <property name="jnidispatch.path" value="D:\WorkArea\folder-tear-down\target\tmp\jna-1435498585\jna936015399252879687.dll"/>
    <property name="java.vm.name" value="OpenJDK 64-Bit Server VM"/>
    <property name="java.vendor.version" value="Temurin-17.0.9+9"/>
    <property name="mail.smtp.sendpartial" value="true"/>
    <property name="localRepository" value="C:\Users\dc-user\.m2\repository"/>
    <property name="jna.loaded" value="true"/>
    <property name="java.vendor.url.bug" value="https://github.com/adoptium/adoptium-support/issues"/>
    <property name="jetty.git.hash" value="8492d1c78f122bb30cce20aecfa07e7283facd47"/>
    <property name="java.io.tmpdir" value="D:\WorkArea\folder-tear-down\target/tmp"/>
    <property name="java.version" value="17.0.9"/>
    <property name="user.dir" value="D:\WorkArea\folder-tear-down"/>
    <property name="os.arch" value="amd64"/>
    <property name="jenkins.model.Jenkins.SHOW_STACK_TRACE" value="true"/>
    <property name="java.vm.specification.name" value="Java Virtual Machine Specification"/>
    <property name="sun.os.patch.level" value=""/>
    <property name="native.encoding" value="Cp1252"/>
    <property name="java.library.path" value="D:\jdk-17.0.9+9\bin;C:\windows\Sun\Java\bin;C:\windows\system32;C:\windows;C:\windows\system32;C:\windows;C:\windows\System32\Wbem;C:\windows\System32\WindowsPowerShell\v1.0\;C:\windows\System32\OpenSSH\;C:\ProgramData\chocolatey\bin;C:\opscode\chef\bin\;C:\Program Files\OpenSSL-Win64\bin\;D:\jdk-17.0.9+9\bin;D:\apache-maven-3.9.6\bin;C:\Program Files\Git\cmd\;C:\Users\dc-user\AppData\Local\Microsoft\WindowsApps;;D:\JetBrains\IntelliJ IDEA Community Edition 2023.3.5\bin;;D:\VSCode\bin;."/>
    <property name="java.vm.info" value="mixed mode, emulated-client"/>
    <property name="java.vendor" value="Eclipse Adoptium"/>
    <property name="java.vm.version" value="17.0.9+9"/>
    <property name="sun.io.unicode.encoding" value="UnicodeLittle"/>
    <property name="java.class.version" value="61.0"/>
  </properties>
  <testcase name="teardownIgnoredGlobalSharedLibraries" classname="com.mc.folderteardown.JobTearDownListenerTest" time="18.927">
    <system-out><![CDATA[=== Starting teardownIgnoredGlobalSharedLibraries(com.mc.folderteardown.JobTearDownListenerTest)
[junit11833649246953697723] $ git version
git version 2.44.0.windows.1
[junit9267057711261739457] $ git init --template=
Initialized empty Git repository in C:/Users/dc-user/AppData/Local/Temp/2/junit11833649246953697723/junit9267057711261739457/.git/
[junit9267057711261739457] $ git branch -m master
[junit9267057711261739457] $ git add file
[junit9267057711261739457] $ git config user.name "Git SampleRepoRule"
[junit9267057711261739457] $ git config user.email gits@mplereporule
[junit9267057711261739457] $ git config init.defaultbranch master
[junit9267057711261739457] $ git config commit.gpgsign false
[junit9267057711261739457] $ git commit --message=init
[master (root-commit) ffb6bf4] init
 1 file changed, 0 insertions(+), 0 deletions(-)
 create mode 100644 file
[junit9267057711261739457] $ git add Jenkinsfile
[junit9267057711261739457] $ git commit --all --message=flow
[master 6ba0f36] flow
 2 files changed, 2 insertions(+)
 create mode 100644 Jenkinsfile
[junit9267057711261739457] $ git checkout -b feature
Switched to a new branch 'feature'
[junit9267057711261739457] $ git commit --all --message=tweaked
[feature d5bbcbb] tweaked
 2 files changed, 2 insertions(+), 2 deletions(-)
]]></system-out>
    <system-err><![CDATA[   0.120 [id=19]	INFO	o.jvnet.hudson.test.WarExploder#explode: Picking up existing exploded jenkins.war at D:\WorkArea\folder-tear-down\target\jenkins-for-test
   0.586 [id=19]	INFO	o.jvnet.hudson.test.JenkinsRule#createWebServer: Running on http://localhost:52437/jenkins/
   1.150 [id=34]	INFO	jenkins.InitReactorRunner$1#onAttained: Started initialization
   2.149 [id=37]	INFO	hudson.PluginManager#considerDetachedPlugin: Loading a detached plugin as a dependency: C:\Users\dc-user\AppData\Local\Temp\2\jenkins9045413578197093869\plugins\javax-mail-api.jpi
   9.033 [id=37]	INFO	hudson.PluginManager#considerDetachedPlugin: Loading a detached plugin as a dependency: C:\Users\dc-user\AppData\Local\Temp\2\jenkins9045413578197093869\plugins\command-launcher.jpi
   9.151 [id=37]	INFO	hudson.PluginManager#considerDetachedPlugin: Loading a detached plugin as a dependency: C:\Users\dc-user\AppData\Local\Temp\2\jenkins9045413578197093869\plugins\jdk-tool.jpi
   9.954 [id=33]	INFO	jenkins.InitReactorRunner$1#onAttained: Listed all plugins
   9.965 [id=37]	INFO	j.b.api.BouncyCastlePlugin#start: D:\WorkArea\folder-tear-down\target\tmp\j h8282608148156498545\plugins\bouncycastle-api\WEB-INF\optional-lib not found; for non RealJenkinsRule this is fine and can be ignored.
  12.796 [id=37]	INFO	jenkins.InitReactorRunner$1#onAttained: Prepared all plugins
  12.799 [id=36]	INFO	jenkins.InitReactorRunner$1#onAttained: Started all plugins
  12.799 [id=36]	INFO	jenkins.InitReactorRunner$1#onAttained: Augmented all extensions
  12.862 [id=36]	INFO	jenkins.InitReactorRunner$1#onAttained: System config loaded
  12.862 [id=36]	INFO	jenkins.InitReactorRunner$1#onAttained: System config adapted
  12.863 [id=35]	INFO	jenkins.InitReactorRunner$1#onAttained: Loaded all jobs
  12.864 [id=32]	INFO	jenkins.InitReactorRunner$1#onAttained: Configuration for all jobs updated
  13.574 [id=33]	INFO	jenkins.InitReactorRunner$1#onAttained: Completed initialization
$ git --version
  17.698 [id=19]	INFO	hudson.lifecycle.Lifecycle#onStatusUpdate: Stopping Jenkins
  17.742 [id=19]	INFO	hudson.lifecycle.Lifecycle#onStatusUpdate: Jenkins stopped
  17.833 [id=19]	INFO	o.j.h.t.TemporaryDirectoryAllocator#dispose: deleting D:\WorkArea\folder-tear-down\target\tmp\j h8282608148156498545
]]></system-err>
  </testcase>
  <testcase name="defaultJobConfiguredAndTriggered" classname="com.mc.folderteardown.JobTearDownListenerTest" time="4.688">
    <system-out><![CDATA[=== Starting defaultJobConfiguredAndTriggered(com.mc.folderteardown.JobTearDownListenerTest)
[junit7647337263382453250] $ git version
git version 2.44.0.windows.1
[junit4296971289939023541] $ git init --template=
Initialized empty Git repository in C:/Users/dc-user/AppData/Local/Temp/2/junit7647337263382453250/junit4296971289939023541/.git/
[junit4296971289939023541] $ git branch -m master
[junit4296971289939023541] $ git add file
[junit4296971289939023541] $ git config user.name "Git SampleRepoRule"
[junit4296971289939023541] $ git config user.email gits@mplereporule
[junit4296971289939023541] $ git config init.defaultbranch master
[junit4296971289939023541] $ git config commit.gpgsign false
[junit4296971289939023541] $ git commit --message=init
[master (root-commit) bbaaf5a] init
 1 file changed, 0 insertions(+), 0 deletions(-)
 create mode 100644 file
[junit4296971289939023541] $ git add Jenkinsfile
[junit4296971289939023541] $ git commit --all --message=flow
[master a80cbf5] flow
 2 files changed, 2 insertions(+)
 create mode 100644 Jenkinsfile
[junit4296971289939023541] $ git checkout -b feature
Switched to a new branch 'feature'
[junit4296971289939023541] $ git commit --all --message=tweaked
[feature 28db490] tweaked
 2 files changed, 2 insertions(+), 2 deletions(-)
]]></system-out>
    <system-err><![CDATA[   0.032 [id=95]	INFO	o.jvnet.hudson.test.JenkinsRule#createWebServer: Running on http://localhost:52447/jenkins/
   0.354 [id=108]	INFO	jenkins.InitReactorRunner$1#onAttained: Started initialization
   0.355 [id=114]	INFO	jenkins.InitReactorRunner$1#onAttained: Listed all plugins
   0.358 [id=112]	INFO	j.b.api.BouncyCastlePlugin#start: D:\WorkArea\folder-tear-down\target\tmp\j h7998271081645757446\plugins\bouncycastle-api\WEB-INF\optional-lib not found; for non RealJenkinsRule this is fine and can be ignored.
   0.717 [id=112]	INFO	jenkins.InitReactorRunner$1#onAttained: Prepared all plugins
   0.718 [id=108]	INFO	jenkins.InitReactorRunner$1#onAttained: Started all plugins
   0.718 [id=107]	INFO	jenkins.InitReactorRunner$1#onAttained: Augmented all extensions
   0.725 [id=107]	INFO	jenkins.InitReactorRunner$1#onAttained: System config loaded
   0.725 [id=107]	INFO	jenkins.InitReactorRunner$1#onAttained: System config adapted
   0.725 [id=110]	INFO	jenkins.InitReactorRunner$1#onAttained: Loaded all jobs
   0.726 [id=114]	INFO	jenkins.InitReactorRunner$1#onAttained: Configuration for all jobs updated
   0.954 [id=111]	INFO	jenkins.InitReactorRunner$1#onAttained: Completed initialization
$ git --version
   4.545 [id=95]	INFO	hudson.lifecycle.Lifecycle#onStatusUpdate: Stopping Jenkins
   4.558 [id=95]	INFO	hudson.lifecycle.Lifecycle#onStatusUpdate: Jenkins stopped
   4.625 [id=95]	INFO	o.j.h.t.TemporaryDirectoryAllocator#dispose: deleting D:\WorkArea\folder-tear-down\target\tmp\j h7998271081645757446
]]></system-err>
  </testcase>
  <testcase name="pipelineDefinedJobTriggered" classname="com.mc.folderteardown.JobTearDownListenerTest" time="4.892">
    <system-out><![CDATA[=== Starting pipelineDefinedJobTriggered(com.mc.folderteardown.JobTearDownListenerTest)
[junit12966355272357194784] $ git version
git version 2.44.0.windows.1
[junit12026432122014385408] $ git init --template=
Initialized empty Git repository in C:/Users/dc-user/AppData/Local/Temp/2/junit12966355272357194784/junit12026432122014385408/.git/
[junit12026432122014385408] $ git branch -m master
[junit12026432122014385408] $ git add file
[junit12026432122014385408] $ git config user.name "Git SampleRepoRule"
[junit12026432122014385408] $ git config user.email gits@mplereporule
[junit12026432122014385408] $ git config init.defaultbranch master
[junit12026432122014385408] $ git config commit.gpgsign false
[junit12026432122014385408] $ git commit --message=init
[master (root-commit) 4e232b1] init
 1 file changed, 0 insertions(+), 0 deletions(-)
 create mode 100644 file
[junit12026432122014385408] $ git add Jenkinsfile
[junit12026432122014385408] $ git commit --all --message=flow
[master 5afbe0b] flow
 2 files changed, 2 insertions(+)
 create mode 100644 Jenkinsfile
[junit12026432122014385408] $ git checkout -b feature
Switched to a new branch 'feature'
[junit12026432122014385408] $ git commit --all --message=tweaked
[feature 1f294bb] tweaked
 2 files changed, 2 insertions(+), 2 deletions(-)
]]></system-out>
    <system-err><![CDATA[   0.022 [id=157]	INFO	o.jvnet.hudson.test.JenkinsRule#createWebServer: Running on http://localhost:52452/jenkins/
   0.271 [id=170]	INFO	jenkins.InitReactorRunner$1#onAttained: Started initialization
   0.272 [id=176]	INFO	jenkins.InitReactorRunner$1#onAttained: Listed all plugins
   0.276 [id=172]	INFO	j.b.api.BouncyCastlePlugin#start: D:\WorkArea\folder-tear-down\target\tmp\j h2034247285683904851\plugins\bouncycastle-api\WEB-INF\optional-lib not found; for non RealJenkinsRule this is fine and can be ignored.
   0.603 [id=169]	INFO	jenkins.InitReactorRunner$1#onAttained: Prepared all plugins
   0.604 [id=176]	INFO	jenkins.InitReactorRunner$1#onAttained: Started all plugins
   0.604 [id=176]	INFO	jenkins.InitReactorRunner$1#onAttained: Augmented all extensions
   0.608 [id=170]	INFO	jenkins.InitReactorRunner$1#onAttained: System config loaded
   0.609 [id=174]	INFO	jenkins.InitReactorRunner$1#onAttained: System config adapted
   0.609 [id=174]	INFO	jenkins.InitReactorRunner$1#onAttained: Loaded all jobs
   0.609 [id=174]	INFO	jenkins.InitReactorRunner$1#onAttained: Configuration for all jobs updated
   0.794 [id=175]	INFO	jenkins.InitReactorRunner$1#onAttained: Completed initialization
$ git --version
   4.753 [id=157]	INFO	hudson.lifecycle.Lifecycle#onStatusUpdate: Stopping Jenkins
   4.770 [id=157]	INFO	hudson.lifecycle.Lifecycle#onStatusUpdate: Jenkins stopped
   4.828 [id=157]	INFO	o.j.h.t.TemporaryDirectoryAllocator#dispose: deleting D:\WorkArea\folder-tear-down\target\tmp\j h2034247285683904851
]]></system-err>
  </testcase>
  <testcase name="userDefinedJobTriggered" classname="com.mc.folderteardown.JobTearDownListenerTest" time="4.696">
    <system-out><![CDATA[=== Starting userDefinedJobTriggered(com.mc.folderteardown.JobTearDownListenerTest)
[junit7004064647383613955] $ git version
git version 2.44.0.windows.1
[junit8747125664710846173] $ git init --template=
Initialized empty Git repository in C:/Users/dc-user/AppData/Local/Temp/2/junit7004064647383613955/junit8747125664710846173/.git/
[junit8747125664710846173] $ git branch -m master
[junit8747125664710846173] $ git add file
[junit8747125664710846173] $ git config user.name "Git SampleRepoRule"
[junit8747125664710846173] $ git config user.email gits@mplereporule
[junit8747125664710846173] $ git config init.defaultbranch master
[junit8747125664710846173] $ git config commit.gpgsign false
[junit8747125664710846173] $ git commit --message=init
[master (root-commit) cfd4a2c] init
 1 file changed, 0 insertions(+), 0 deletions(-)
 create mode 100644 file
[junit8747125664710846173] $ git add Jenkinsfile
[junit8747125664710846173] $ git commit --all --message=flow
[master 6b4b1ff] flow
 2 files changed, 2 insertions(+)
 create mode 100644 Jenkinsfile
[junit8747125664710846173] $ git checkout -b feature
Switched to a new branch 'feature'
[junit8747125664710846173] $ git commit --all --message=tweaked
[feature 61e51fa] tweaked
 2 files changed, 2 insertions(+), 2 deletions(-)
]]></system-out>
    <system-err><![CDATA[   0.025 [id=219]	INFO	o.jvnet.hudson.test.JenkinsRule#createWebServer: Running on http://localhost:52455/jenkins/
   0.270 [id=232]	INFO	jenkins.InitReactorRunner$1#onAttained: Started initialization
   0.271 [id=237]	INFO	jenkins.InitReactorRunner$1#onAttained: Listed all plugins
   0.273 [id=235]	INFO	j.b.api.BouncyCastlePlugin#start: D:\WorkArea\folder-tear-down\target\tmp\j h1054816662750151190\plugins\bouncycastle-api\WEB-INF\optional-lib not found; for non RealJenkinsRule this is fine and can be ignored.
   0.635 [id=238]	INFO	jenkins.InitReactorRunner$1#onAttained: Prepared all plugins
   0.635 [id=233]	INFO	jenkins.InitReactorRunner$1#onAttained: Started all plugins
   0.636 [id=233]	INFO	jenkins.InitReactorRunner$1#onAttained: Augmented all extensions
   0.641 [id=233]	INFO	jenkins.InitReactorRunner$1#onAttained: System config loaded
   0.642 [id=231]	INFO	jenkins.InitReactorRunner$1#onAttained: System config adapted
   0.642 [id=231]	INFO	jenkins.InitReactorRunner$1#onAttained: Loaded all jobs
   0.642 [id=231]	INFO	jenkins.InitReactorRunner$1#onAttained: Configuration for all jobs updated
   0.829 [id=238]	INFO	jenkins.InitReactorRunner$1#onAttained: Completed initialization
$ git --version
   4.544 [id=219]	INFO	hudson.lifecycle.Lifecycle#onStatusUpdate: Stopping Jenkins
   4.561 [id=219]	INFO	hudson.lifecycle.Lifecycle#onStatusUpdate: Jenkins stopped
   4.631 [id=219]	INFO	o.j.h.t.TemporaryDirectoryAllocator#dispose: deleting D:\WorkArea\folder-tear-down\target\tmp\j h1054816662750151190
]]></system-err>
  </testcase>
  <testcase name="pipelineDefinedJobTakesPrecedenceOverGlobalSettings" classname="com.mc.folderteardown.JobTearDownListenerTest" time="6.522">
    <system-out><![CDATA[=== Starting pipelineDefinedJobTakesPrecedenceOverGlobalSettings(com.mc.folderteardown.JobTearDownListenerTest)
[junit2879116093962506076] $ git version
git version 2.44.0.windows.1
[junit4054720703872899850] $ git init --template=
Initialized empty Git repository in C:/Users/dc-user/AppData/Local/Temp/2/junit2879116093962506076/junit4054720703872899850/.git/
[junit4054720703872899850] $ git branch -m master
[junit4054720703872899850] $ git add file
[junit4054720703872899850] $ git config user.name "Git SampleRepoRule"
[junit4054720703872899850] $ git config user.email gits@mplereporule
[junit4054720703872899850] $ git config init.defaultbranch master
[junit4054720703872899850] $ git config commit.gpgsign false
[junit4054720703872899850] $ git commit --message=init
[master (root-commit) daf5791] init
 1 file changed, 0 insertions(+), 0 deletions(-)
 create mode 100644 file
[junit4054720703872899850] $ git add Jenkinsfile
[junit4054720703872899850] $ git commit --all --message=flow
[master 26102bb] flow
 2 files changed, 2 insertions(+)
 create mode 100644 Jenkinsfile
[junit4054720703872899850] $ git checkout -b feature
Switched to a new branch 'feature'
[junit4054720703872899850] $ git commit --all --message=tweaked
[feature 0e7d935] tweaked
 2 files changed, 2 insertions(+), 2 deletions(-)
]]></system-out>
    <system-err><![CDATA[   0.027 [id=281]	INFO	o.jvnet.hudson.test.JenkinsRule#createWebServer: Running on http://localhost:52459/jenkins/
   0.285 [id=294]	INFO	jenkins.InitReactorRunner$1#onAttained: Started initialization
   0.286 [id=299]	INFO	jenkins.InitReactorRunner$1#onAttained: Listed all plugins
   0.288 [id=298]	INFO	j.b.api.BouncyCastlePlugin#start: D:\WorkArea\folder-tear-down\target\tmp\j h4464781473074110460\plugins\bouncycastle-api\WEB-INF\optional-lib not found; for non RealJenkinsRule this is fine and can be ignored.
   0.648 [id=298]	INFO	jenkins.InitReactorRunner$1#onAttained: Prepared all plugins
   0.649 [id=297]	INFO	jenkins.InitReactorRunner$1#onAttained: Started all plugins
   0.649 [id=297]	INFO	jenkins.InitReactorRunner$1#onAttained: Augmented all extensions
   0.654 [id=293]	INFO	jenkins.InitReactorRunner$1#onAttained: System config loaded
   0.654 [id=293]	INFO	jenkins.InitReactorRunner$1#onAttained: System config adapted
   0.654 [id=293]	INFO	jenkins.InitReactorRunner$1#onAttained: Loaded all jobs
   0.655 [id=300]	INFO	jenkins.InitReactorRunner$1#onAttained: Configuration for all jobs updated
   0.850 [id=295]	INFO	jenkins.InitReactorRunner$1#onAttained: Completed initialization
$ git --version
   6.359 [id=281]	INFO	hudson.lifecycle.Lifecycle#onStatusUpdate: Stopping Jenkins
   6.389 [id=281]	INFO	hudson.lifecycle.Lifecycle#onStatusUpdate: Jenkins stopped
   6.458 [id=281]	INFO	o.j.h.t.TemporaryDirectoryAllocator#dispose: deleting D:\WorkArea\folder-tear-down\target\tmp\j h4464781473074110460
]]></system-err>
  </testcase>
</testsuite>