<?xml version="1.0" encoding="UTF-8"?>
<testsuite xmlns:xsi="http://www.w3.org/2001/XMLSchema-instance" xsi:noNamespaceSchemaLocation="https://maven.apache.org/surefire/maven-surefire-plugin/xsd/surefire-test-report-3.0.xsd" version="3.0" name="InjectedTest" time="57.647" tests="7" errors="0" skipped="0" failures="0">
  <properties>
    <property name="sun.desktop" value="windows"/>
    <property name="awt.toolkit" value="sun.awt.windows.WToolkit"/>
    <property name="hudson.udp" value="-1"/>
    <property name="file.encoding.pkg" value="sun.io"/>
    <property name="java.specification.version" value="1.8"/>
    <property name="sun.cpu.isalist" value="amd64"/>
    <property name="sun.jnu.encoding" value="Cp1252"/>
    <property name="java.class.path" value="D:\WorkArea\Plugins\folder-tear-down\target\test-classes;D:\WorkArea\Plugins\folder-tear-down\target\classes;C:\Users\dc-user\.m2\repository\org\jenkins-ci\plugins\workflow\workflow-multibranch\2.24\workflow-multibranch-2.24.jar;C:\Users\dc-user\.m2\repository\org\jenkins-ci\plugins\workflow\workflow-step-api\2.24\workflow-step-api-2.24.jar;C:\Users\dc-user\.m2\repository\org\jenkins-ci\plugins\workflow\workflow-job\2.41\workflow-job-2.41.jar;C:\Users\dc-user\.m2\repository\org\jenkins-ci\plugins\workflow\workflow-support\3.8\workflow-support-3.8.jar;C:\Users\dc-user\.m2\repository\org\jboss\marshalling\jboss-marshalling-river\2.0.6.Final\jboss-marshalling-river-2.0.6.Final.jar;C:\Users\dc-user\.m2\repository\org\jboss\marshalling\jboss-marshalling\2.0.6.Final\jboss-marshalling-2.0.6.Final.jar;C:\Users\dc-user\.m2\repository\org\jenkins-ci\plugins\structs\1.23\structs-1.23.jar;C:\Users\dc-user\.m2\repository\org\jenkins-ci\plugins\workflow\workflow-cps\2.93\workflow-cps-2.93.jar;C:\Users\dc-user\.m2\repository\com\cloudbees\groovy-cps\1.32\groovy-cps-1.32.jar;C:\Users\dc-user\.m2\repository\org\jenkins-ci\ui\ace-editor\1.1\ace-editor-1.1.jar;C:\Users\dc-user\.m2\repository\com\cloudbees\diff4j\1.3\diff4j-1.3.jar;C:\Users\dc-user\.m2\repository\org\jenkins-ci\plugins\scm-api\2.6.5\scm-api-2.6.5.jar;C:\Users\dc-user\.m2\repository\org\jenkins-ci\plugins\branch-api\2.6.5\branch-api-2.6.5.jar;C:\Users\dc-user\.m2\repository\org\jenkins-ci\plugins\cloudbees-folder\6.16\cloudbees-folder-6.16.jar;C:\Users\dc-user\.m2\repository\org\jenkins-ci\plugins\workflow\workflow-api\2.46\workflow-api-2.46.jar;C:\Users\dc-user\.m2\repository\org\jenkins-ci\plugins\workflow\workflow-scm-step\2.13\workflow-scm-step-2.13.jar;C:\Users\dc-user\.m2\repository\org\jenkins-ci\plugins\script-security\1.78\script-security-1.78.jar;C:\Users\dc-user\.m2\repository\org\kohsuke\groovy-sandbox\1.27\groovy-sandbox-1.27.jar;C:\Users\dc-user\.m2\repository\io\jenkins\plugins\caffeine-api\2.9.2-29.v717aac953ff3\caffeine-api-2.9.2-29.v717aac953ff3.jar;C:\Users\dc-user\.m2\repository\com\github\ben-manes\caffeine\caffeine\2.9.2\caffeine-2.9.2.jar;C:\Users\dc-user\.m2\repository\org\jenkins-ci\plugins\git\3.6.0\git-3.6.0.jar;C:\Users\dc-user\.m2\repository\joda-time\joda-time\2.9.5\joda-time-2.9.5.jar;C:\Users\dc-user\.m2\repository\com\infradna\tool\bridge-method-annotation\1.17\bridge-method-annotation-1.17.jar;C:\Users\dc-user\.m2\repository\org\jenkins-ci\plugins\git-client\3.9.0\git-client-3.9.0.jar;C:\Users\dc-user\.m2\repository\org\jenkins-ci\plugins\trilead-api\1.0.13\trilead-api-1.0.13.jar;C:\Users\dc-user\.m2\repository\org\jenkins-ci\trilead-ssh2\build-217-jenkins-27\trilead-ssh2-build-217-jenkins-27.jar;C:\Users\dc-user\.m2\repository\com\google\crypto\tink\tink\1.5.0\tink-1.5.0.jar;C:\Users\dc-user\.m2\repository\com\google\protobuf\protobuf-java\3.11.1\protobuf-java-3.11.1.jar;C:\Users\dc-user\.m2\repository\org\kohsuke\trilead-putty-extension\1.2\trilead-putty-extension-1.2.jar;C:\Users\dc-user\.m2\repository\org\eclipse\jgit\org.eclipse.jgit\5.12.0.202106070339-r\org.eclipse.jgit-5.12.0.202106070339-r.jar;C:\Users\dc-user\.m2\repository\com\googlecode\javaewah\JavaEWAH\1.1.7\JavaEWAH-1.1.7.jar;C:\Users\dc-user\.m2\repository\org\eclipse\jgit\org.eclipse.jgit.http.server\5.12.0.202106070339-r\org.eclipse.jgit.http.server-5.12.0.202106070339-r.jar;C:\Users\dc-user\.m2\repository\org\eclipse\jgit\org.eclipse.jgit.http.apache\5.12.0.202106070339-r\org.eclipse.jgit.http.apache-5.12.0.202106070339-r.jar;C:\Users\dc-user\.m2\repository\org\eclipse\jgit\org.eclipse.jgit.lfs\5.12.0.202106070339-r\org.eclipse.jgit.lfs-5.12.0.202106070339-r.jar;C:\Users\dc-user\.m2\repository\com\google\code\gson\gson\2.8.6\gson-2.8.6.jar;C:\Users\dc-user\.m2\repository\org\eclipse\jgit\org.eclipse.jgit.ssh.jsch\5.12.0.202106070339-r\org.eclipse.jgit.ssh.jsch-5.12.0.202106070339-r.jar;C:\Users\dc-user\.m2\repository\org\jenkins-ci\plugins\jsch\0.1.55.2\jsch-0.1.55.2.jar;C:\Users\dc-user\.m2\repository\com\jcraft\jsch\0.1.55\jsch-0.1.55.jar;C:\Users\dc-user\.m2\repository\org\jenkins-ci\plugins\apache-httpcomponents-client-4-api\4.5.13-1.0\apache-httpcomponents-client-4-api-4.5.13-1.0.jar;C:\Users\dc-user\.m2\repository\org\apache\httpcomponents\httpcore\4.4.14\httpcore-4.4.14.jar;C:\Users\dc-user\.m2\repository\org\apache\httpcomponents\httpcore-nio\4.4.14\httpcore-nio-4.4.14.jar;C:\Users\dc-user\.m2\repository\org\apache\httpcomponents\httpclient\4.5.13\httpclient-4.5.13.jar;C:\Users\dc-user\.m2\repository\org\apache\httpcomponents\httpmime\4.5.13\httpmime-4.5.13.jar;C:\Users\dc-user\.m2\repository\org\apache\httpcomponents\fluent-hc\4.5.13\fluent-hc-4.5.13.jar;C:\Users\dc-user\.m2\repository\org\apache\httpcomponents\httpclient-cache\4.5.13\httpclient-cache-4.5.13.jar;C:\Users\dc-user\.m2\repository\org\apache\httpcomponents\httpasyncclient\4.1.4\httpasyncclient-4.1.4.jar;C:\Users\dc-user\.m2\repository\org\apache\httpcomponents\httpasyncclient-cache\4.1.4\httpasyncclient-cache-4.1.4.jar;C:\Users\dc-user\.m2\repository\org\jenkins-ci\plugins\credentials\2.6.1\credentials-2.6.1.jar;C:\Users\dc-user\.m2\repository\org\antlr\antlr4-runtime\4.9.2\antlr4-runtime-4.9.2.jar;C:\Users\dc-user\.m2\repository\org\jenkins-ci\plugins\ssh-credentials\1.18.1\ssh-credentials-1.18.1.jar;C:\Users\dc-user\.m2\repository\org\jenkins-ci\plugins\matrix-project\1.18\matrix-project-1.18.jar;C:\Users\dc-user\.m2\repository\org\jenkins-ci\plugins\mailer\1.34\mailer-1.34.jar;C:\Users\dc-user\.m2\repository\org\jenkins-ci\annotation-indexer\1.12\annotation-indexer-1.12.jar;C:\Users\dc-user\.m2\repository\org\jenkins-ci\plugins\workflow\workflow-aggregator\2.5\workflow-aggregator-2.5.jar;C:\Users\dc-user\.m2\repository\org\jenkins-ci\plugins\workflow\workflow-durable-task-step\2.39\workflow-durable-task-step-2.39.jar;C:\Users\dc-user\.m2\repository\org\jenkins-ci\plugins\durable-task\1.39\durable-task-1.39.jar;C:\Users\dc-user\.m2\repository\io\jenkins\plugins\lib-durable-task\25.v6c906af81ee2\lib-durable-task-25.v6c906af81ee2.jar;C:\Users\dc-user\.m2\repository\org\jenkins-ci\plugins\workflow\workflow-basic-steps\2.24\workflow-basic-steps-2.24.jar;C:\Users\dc-user\.m2\repository\org\jenkins-ci\plugins\pipeline-build-step\2.15\pipeline-build-step-2.15.jar;C:\Users\dc-user\.m2\repository\org\jenkins-ci\plugins\pipeline-input-step\2.12\pipeline-input-step-2.12.jar;C:\Users\dc-user\.m2\repository\org\jenkins-ci\plugins\pipeline-stage-step\2.5\pipeline-stage-step-2.5.jar;C:\Users\dc-user\.m2\repository\org\jenkins-ci\plugins\pipeline-stage-view\pipeline-stage-view\2.4\pipeline-stage-view-2.4.jar;C:\Users\dc-user\.m2\repository\org\jenkins-ci\plugins\pipeline-stage-view\pipeline-rest-api\2.4\pipeline-rest-api-2.4.jar;C:\Users\dc-user\.m2\repository\org\jenkins-ci\plugins\pipeline-graph-analysis\1.11\pipeline-graph-analysis-1.11.jar;C:\Users\dc-user\.m2\repository\org\jenkins-ci\ui\jquery-detached\1.2.1\jquery-detached-1.2.1.jar;C:\Users\dc-user\.m2\repository\org\jenkins-ci\ui\handlebars\1.1\handlebars-1.1.jar;C:\Users\dc-user\.m2\repository\org\jenkins-ci\ui\momentjs\1.1\momentjs-1.1.jar;C:\Users\dc-user\.m2\repository\org\jenkins-ci\plugins\pipeline-milestone-step\1.3\pipeline-milestone-step-1.3.jar;C:\Users\dc-user\.m2\repository\org\jenkinsci\plugins\pipeline-model-definition\1.9.1\pipeline-model-definition-1.9.1.jar;C:\Users\dc-user\.m2\repository\org\jenkinsci\plugins\pipeline-model-api\1.9.1\pipeline-model-api-1.9.1.jar;C:\Users\dc-user\.m2\repository\com\github\fge\json-schema-validator\2.0.4\json-schema-validator-2.0.4.jar;C:\Users\dc-user\.m2\repository\com\github\fge\json-schema-core\1.0.4\json-schema-core-1.0.4.jar;C:\Users\dc-user\.m2\repository\org\mozilla\rhino\1.7R4\rhino-1.7R4.jar;C:\Users\dc-user\.m2\repository\javax\mail\mailapi\1.4.3\mailapi-1.4.3.jar;C:\Users\dc-user\.m2\repository\com\googlecode\libphonenumber\libphonenumber\5.3\libphonenumber-5.3.jar;C:\Users\dc-user\.m2\repository\org\jenkinsci\plugins\pipeline-model-extensions\1.9.1\pipeline-model-extensions-1.9.1.jar;C:\Users\dc-user\.m2\repository\org\jenkinsci\plugins\pipeline-stage-tags-metadata\1.9.1\pipeline-stage-tags-metadata-1.9.1.jar;C:\Users\dc-user\.m2\repository\org\jenkins-ci\plugins\credentials-binding\1.27\credentials-binding-1.27.jar;C:\Users\dc-user\.m2\repository\org\jenkins-ci\plugins\plain-credentials\1.7\plain-credentials-1.7.jar;C:\Users\dc-user\.m2\repository\org\jenkins-ci\plugins\workflow\workflow-cps-global-lib\2.21\workflow-cps-global-lib-2.21.jar;C:\Users\dc-user\.m2\repository\org\apache\ivy\ivy\2.4.0\ivy-2.4.0.jar;C:\Users\dc-user\.m2\repository\org\jenkins-ci\plugins\git-server\1.9\git-server-1.9.jar;C:\Users\dc-user\.m2\repository\org\jenkins-ci\plugins\scm-api\2.6.5\scm-api-2.6.5-tests.jar;C:\Users\dc-user\.m2\repository\org\jenkins-ci\plugins\git\3.6.0\git-3.6.0-tests.jar;C:\Users\dc-user\.m2\repository\org\hamcrest\hamcrest-core\2.2\hamcrest-core-2.2.jar;C:\Users\dc-user\.m2\repository\org\hamcrest\hamcrest\2.2\hamcrest-2.2.jar;C:\Users\dc-user\.m2\repository\org\hamcrest\hamcrest-library\2.2\hamcrest-library-2.2.jar;C:\Users\dc-user\.m2\repository\org\mockito\mockito-all\1.10.19\mockito-all-1.10.19.jar;C:\Users\dc-user\.m2\repository\org\jenkins-ci\plugins\junit\1.53\junit-1.53.jar;C:\Users\dc-user\.m2\repository\io\jenkins\plugins\echarts-api\5.0.2-1\echarts-api-5.0.2-1.jar;C:\Users\dc-user\.m2\repository\org\eclipse\collections\eclipse-collections-api\9.2.0\eclipse-collections-api-9.2.0.jar;C:\Users\dc-user\.m2\repository\org\eclipse\collections\eclipse-collections\9.2.0\eclipse-collections-9.2.0.jar;C:\Users\dc-user\.m2\repository\io\jenkins\plugins\jquery3-api\3.6.0-2\jquery3-api-3.6.0-2.jar;C:\Users\dc-user\.m2\repository\io\jenkins\plugins\checks-api\1.7.2\checks-api-1.7.2.jar;C:\Users\dc-user\.m2\repository\io\jenkins\plugins\plugin-util-api\2.4.0\plugin-util-api-2.4.0.jar;C:\Users\dc-user\.m2\repository\org\jenkins-ci\plugins\display-url-api\2.3.5\display-url-api-2.3.5.jar;C:\Users\dc-user\.m2\repository\io\jenkins\plugins\bootstrap4-api\4.6.0-3\bootstrap4-api-4.6.0-3.jar;C:\Users\dc-user\.m2\repository\io\jenkins\plugins\popper-api\1.16.1-2\popper-api-1.16.1-2.jar;C:\Users\dc-user\.m2\repository\io\jenkins\plugins\font-awesome-api\5.15.4-1\font-awesome-api-5.15.4-1.jar;C:\Users\dc-user\.m2\repository\com\j2html\j2html\1.4.0\j2html-1.4.0.jar;C:\Users\dc-user\.m2\repository\org\jenkins-ci\plugins\jackson2-api\2.12.4\jackson2-api-2.12.4.jar;C:\Users\dc-user\.m2\repository\com\fasterxml\jackson\core\jackson-databind\2.12.4\jackson-databind-2.12.4.jar;C:\Users\dc-user\.m2\repository\com\fasterxml\jackson\datatype\jackson-datatype-jsr310\2.12.4\jackson-datatype-jsr310-2.12.4.jar;C:\Users\dc-user\.m2\repository\com\fasterxml\jackson\datatype\jackson-datatype-jdk8\2.12.4\jackson-datatype-jdk8-2.12.4.jar;C:\Users\dc-user\.m2\repository\com\fasterxml\jackson\datatype\jackson-datatype-json-org\2.12.4\jackson-datatype-json-org-2.12.4.jar;C:\Users\dc-user\.m2\repository\org\json\json\20190722\json-20190722.jar;C:\Users\dc-user\.m2\repository\com\fasterxml\jackson\module\jackson-module-parameter-names\2.12.4\jackson-module-parameter-names-2.12.4.jar;C:\Users\dc-user\.m2\repository\com\fasterxml\jackson\core\jackson-core\2.12.4\jackson-core-2.12.4.jar;C:\Users\dc-user\.m2\repository\com\fasterxml\jackson\core\jackson-annotations\2.12.4\jackson-annotations-2.12.4.jar;C:\Users\dc-user\.m2\repository\com\fasterxml\jackson\module\jackson-module-jaxb-annotations\2.12.4\jackson-module-jaxb-annotations-2.12.4.jar;C:\Users\dc-user\.m2\repository\jakarta\xml\bind\jakarta.xml.bind-api\2.3.2\jakarta.xml.bind-api-2.3.2.jar;C:\Users\dc-user\.m2\repository\jakarta\activation\jakarta.activation-api\1.2.1\jakarta.activation-api-1.2.1.jar;C:\Users\dc-user\.m2\repository\com\fasterxml\jackson\dataformat\jackson-dataformat-xml\2.12.4\jackson-dataformat-xml-2.12.4.jar;C:\Users\dc-user\.m2\repository\org\codehaus\woodstox\stax2-api\4.2.1\stax2-api-4.2.1.jar;C:\Users\dc-user\.m2\repository\com\fasterxml\woodstox\woodstox-core\6.2.4\woodstox-core-6.2.4.jar;C:\Users\dc-user\.m2\repository\com\fasterxml\jackson\dataformat\jackson-dataformat-yaml\2.12.4\jackson-dataformat-yaml-2.12.4.jar;C:\Users\dc-user\.m2\repository\io\jenkins\plugins\snakeyaml-api\1.29.1\snakeyaml-api-1.29.1.jar;C:\Users\dc-user\.m2\repository\org\yaml\snakeyaml\1.29\snakeyaml-1.29.jar;C:\Users\dc-user\.m2\repository\org\jenkins-ci\main\jenkins-core\2.277.1\jenkins-core-2.277.1.jar;C:\Users\dc-user\.m2\repository\org\jenkins-ci\main\remoting\4.6\remoting-4.6.jar;C:\Users\dc-user\.m2\repository\org\jenkins-ci\main\cli\2.277.1\cli-2.277.1.jar;C:\Users\dc-user\.m2\repository\org\jenkins-ci\version-number\1.7\version-number-1.7.jar;C:\Users\dc-user\.m2\repository\org\jenkins-ci\crypto-util\1.5\crypto-util-1.5.jar;C:\Users\dc-user\.m2\repository\org\jvnet\hudson\jtidy\4aug2000r7-dev-hudson-1\jtidy-4aug2000r7-dev-hudson-1.jar;C:\Users\dc-user\.m2\repository\com\google\inject\guice\4.0\guice-4.0.jar;C:\Users\dc-user\.m2\repository\javax\inject\javax.inject\1\javax.inject-1.jar;C:\Users\dc-user\.m2\repository\aopalliance\aopalliance\1.0\aopalliance-1.0.jar;C:\Users\dc-user\.m2\repository\org\connectbot\jbcrypt\jbcrypt\1.0.0\jbcrypt-1.0.0.jar;C:\Users\dc-user\.m2\repository\org\jruby\ext\posix\jna-posix\1.0.3-jenkins-1\jna-posix-1.0.3-jenkins-1.jar;C:\Users\dc-user\.m2\repository\com\github\jnr\jnr-posix\3.1.4\jnr-posix-3.1.4.jar;C:\Users\dc-user\.m2\repository\com\github\jnr\jnr-ffi\2.2.1\jnr-ffi-2.2.1.jar;C:\Users\dc-user\.m2\repository\com\github\jnr\jffi\1.3.1\jffi-1.3.1.jar;C:\Users\dc-user\.m2\repository\com\github\jnr\jffi\1.3.1\jffi-1.3.1-native.jar;C:\Users\dc-user\.m2\repository\org\ow2\asm\asm\9.0\asm-9.0.jar;C:\Users\dc-user\.m2\repository\org\ow2\asm\asm-commons\9.0\asm-commons-9.0.jar;C:\Users\dc-user\.m2\repository\org\ow2\asm\asm-analysis\9.0\asm-analysis-9.0.jar;C:\Users\dc-user\.m2\repository\org\ow2\asm\asm-tree\9.0\asm-tree-9.0.jar;C:\Users\dc-user\.m2\repository\org\ow2\asm\asm-util\9.0\asm-util-9.0.jar;C:\Users\dc-user\.m2\repository\com\github\jnr\jnr-a64asm\1.0.0\jnr-a64asm-1.0.0.jar;C:\Users\dc-user\.m2\repository\com\github\jnr\jnr-x86asm\1.0.2\jnr-x86asm-1.0.2.jar;C:\Users\dc-user\.m2\repository\com\github\jnr\jnr-constants\0.10.1\jnr-constants-0.10.1.jar;C:\Users\dc-user\.m2\repository\org\kohsuke\stapler\stapler\1.262\stapler-1.262.jar;C:\Users\dc-user\.m2\repository\javax\annotation\javax.annotation-api\1.2\javax.annotation-api-1.2.jar;C:\Users\dc-user\.m2\repository\commons-discovery\commons-discovery\0.4\commons-discovery-0.4.jar;C:\Users\dc-user\.m2\repository\org\jvnet\tiger-types\2.2\tiger-types-2.2.jar;C:\Users\dc-user\.m2\repository\org\kohsuke\asm5\5.0.1\asm5-5.0.1.jar;C:\Users\dc-user\.m2\repository\org\kohsuke\stapler\stapler-groovy\1.262\stapler-groovy-1.262.jar;C:\Users\dc-user\.m2\repository\org\kohsuke\stapler\stapler-jelly\1.262\stapler-jelly-1.262.jar;C:\Users\dc-user\.m2\repository\org\jenkins-ci\commons-jelly\1.1-jenkins-20120928\commons-jelly-1.1-jenkins-20120928.jar;C:\Users\dc-user\.m2\repository\org\dom4j\dom4j\2.1.3\dom4j-2.1.3.jar;C:\Users\dc-user\.m2\repository\org\kohsuke\windows-package-checker\1.2\windows-package-checker-1.2.jar;C:\Users\dc-user\.m2\repository\org\kohsuke\stapler\stapler-adjunct-timeline\1.5\stapler-adjunct-timeline-1.5.jar;C:\Users\dc-user\.m2\repository\org\kohsuke\stapler\stapler-adjunct-codemirror\1.3\stapler-adjunct-codemirror-1.3.jar;C:\Users\dc-user\.m2\repository\io\jenkins\stapler\jenkins-stapler-support\1.1\jenkins-stapler-support-1.1.jar;C:\Users\dc-user\.m2\repository\org\kohsuke\stapler\json-lib\2.4-jenkins-2\json-lib-2.4-jenkins-2.jar;C:\Users\dc-user\.m2\repository\net\sf\ezmorph\ezmorph\1.0.6\ezmorph-1.0.6.jar;C:\Users\dc-user\.m2\repository\commons-httpclient\commons-httpclient\3.1-jenkins-2\commons-httpclient-3.1-jenkins-2.jar;C:\Users\dc-user\.m2\repository\args4j\args4j\2.33\args4j-2.33.jar;C:\Users\dc-user\.m2\repository\org\jenkins-ci\bytecode-compatibility-transformer\2.0-beta-2\bytecode-compatibility-transformer-2.0-beta-2.jar;C:\Users\dc-user\.m2\repository\org\kohsuke\asm6\6.2\asm6-6.2.jar;C:\Users\dc-user\.m2\repository\org\jenkins-ci\constant-pool-scanner\1.2\constant-pool-scanner-1.2.jar;C:\Users\dc-user\.m2\repository\org\jenkins-ci\task-reactor\1.5\task-reactor-1.5.jar;C:\Users\dc-user\.m2\repository\org\jvnet\localizer\localizer\1.28\localizer-1.28.jar;C:\Users\dc-user\.m2\repository\antlr\antlr\2.7.7\antlr-2.7.7.jar;C:\Users\dc-user\.m2\repository\com\thoughtworks\xstream\xstream\1.4.15\xstream-1.4.15.jar;C:\Users\dc-user\.m2\repository\xpp3\xpp3\1.1.4c\xpp3-1.1.4c.jar;C:\Users\dc-user\.m2\repository\net\sf\kxml\kxml2\2.3.0\kxml2-2.3.0.jar;C:\Users\dc-user\.m2\repository\org\jfree\jfreechart\1.0.19\jfreechart-1.0.19.jar;C:\Users\dc-user\.m2\repository\org\jfree\jcommon\1.0.23\jcommon-1.0.23.jar;C:\Users\dc-user\.m2\repository\org\apache\ant\ant\1.10.9\ant-1.10.9.jar;C:\Users\dc-user\.m2\repository\org\apache\ant\ant-launcher\1.10.9\ant-launcher-1.10.9.jar;D:\zjdk8.0.402\jre\..\lib\tools.jar;C:\Users\dc-user\.m2\repository\commons-io\commons-io\2.8.0\commons-io-2.8.0.jar;C:\Users\dc-user\.m2\repository\commons-lang\commons-lang\2.6\commons-lang-2.6.jar;C:\Users\dc-user\.m2\repository\commons-digester\commons-digester\2.1\commons-digester-2.1.jar;C:\Users\dc-user\.m2\repository\commons-beanutils\commons-beanutils\1.9.3\commons-beanutils-1.9.3.jar;C:\Users\dc-user\.m2\repository\org\apache\commons\commons-compress\1.19\commons-compress-1.19.jar;C:\Users\dc-user\.m2\repository\com\sun\mail\jakarta.mail\1.6.5\jakarta.mail-1.6.5.jar;C:\Users\dc-user\.m2\repository\com\sun\activation\jakarta.activation\1.2.1\jakarta.activation-1.2.1.jar;C:\Users\dc-user\.m2\repository\jaxen\jaxen\1.1-beta-11\jaxen-1.1-beta-11.jar;C:\Users\dc-user\.m2\repository\commons-jelly\commons-jelly-tags-fmt\1.0\commons-jelly-tags-fmt-1.0.jar;C:\Users\dc-user\.m2\repository\commons-jelly\commons-jelly-tags-xml\1.1\commons-jelly-tags-xml-1.1.jar;C:\Users\dc-user\.m2\repository\org\jvnet\hudson\commons-jelly-tags-define\1.0.1-hudson-20071021\commons-jelly-tags-define-1.0.1-hudson-20071021.jar;C:\Users\dc-user\.m2\repository\org\jenkins-ci\commons-jexl\1.1-jenkins-20111212\commons-jexl-1.1-jenkins-20111212.jar;C:\Users\dc-user\.m2\repository\org\springframework\security\spring-security-web\5.4.4\spring-security-web-5.4.4.jar;C:\Users\dc-user\.m2\repository\org\springframework\security\spring-security-core\5.4.4\spring-security-core-5.4.4.jar;C:\Users\dc-user\.m2\repository\org\springframework\spring-aop\5.2.12.RELEASE\spring-aop-5.2.12.RELEASE.jar;C:\Users\dc-user\.m2\repository\org\springframework\spring-beans\5.2.12.RELEASE\spring-beans-5.2.12.RELEASE.jar;C:\Users\dc-user\.m2\repository\org\springframework\spring-context\5.2.12.RELEASE\spring-context-5.2.12.RELEASE.jar;C:\Users\dc-user\.m2\repository\org\springframework\spring-core\5.2.12.RELEASE\spring-core-5.2.12.RELEASE.jar;C:\Users\dc-user\.m2\repository\org\springframework\spring-expression\5.2.12.RELEASE\spring-expression-5.2.12.RELEASE.jar;C:\Users\dc-user\.m2\repository\org\springframework\spring-web\5.2.12.RELEASE\spring-web-5.2.12.RELEASE.jar;C:\Users\dc-user\.m2\repository\org\codehaus\groovy\groovy-all\2.4.12\groovy-all-2.4.12.jar;C:\Users\dc-user\.m2\repository\jline\jline\2.12\jline-2.12.jar;C:\Users\dc-user\.m2\repository\org\fusesource\jansi\jansi\1.11\jansi-1.11.jar;C:\Users\dc-user\.m2\repository\jakarta\servlet\jsp\jstl\jakarta.servlet.jsp.jstl-api\1.2.7\jakarta.servlet.jsp.jstl-api-1.2.7.jar;C:\Users\dc-user\.m2\repository\org\slf4j\jcl-over-slf4j\1.7.30\jcl-over-slf4j-1.7.30.jar;C:\Users\dc-user\.m2\repository\org\slf4j\slf4j-api\1.7.30\slf4j-api-1.7.30.jar;C:\Users\dc-user\.m2\repository\org\slf4j\log4j-over-slf4j\1.7.30\log4j-over-slf4j-1.7.30.jar;C:\Users\dc-user\.m2\repository\com\sun\xml\txw2\txw2\20110809\txw2-20110809.jar;C:\Users\dc-user\.m2\repository\javax\xml\stream\stax-api\1.0-2\stax-api-1.0-2.jar;C:\Users\dc-user\.m2\repository\relaxngDatatype\relaxngDatatype\20020414\relaxngDatatype-20020414.jar;C:\Users\dc-user\.m2\repository\commons-collections\commons-collections\3.2.2\commons-collections-3.2.2.jar;C:\Users\dc-user\.m2\repository\org\jvnet\winp\winp\1.28\winp-1.28.jar;C:\Users\dc-user\.m2\repository\org\jenkins-ci\memory-monitor\1.9\memory-monitor-1.9.jar;C:\Users\dc-user\.m2\repository\org\codehaus\woodstox\wstx-asl\3.2.9\wstx-asl-3.2.9.jar;C:\Users\dc-user\.m2\repository\stax\stax-api\1.0.1\stax-api-1.0.1.jar;C:\Users\dc-user\.m2\repository\net\java\dev\jna\jna\5.6.0\jna-5.6.0.jar;C:\Users\dc-user\.m2\repository\org\kohsuke\akuma\1.10\akuma-1.10.jar;C:\Users\dc-user\.m2\repository\org\kohsuke\libpam4j\1.11\libpam4j-1.11.jar;C:\Users\dc-user\.m2\repository\com\sun\solaris\embedded_su4j\1.1\embedded_su4j-1.1.jar;C:\Users\dc-user\.m2\repository\net\java\sezpoz\sezpoz\1.13\sezpoz-1.13.jar;C:\Users\dc-user\.m2\repository\org\kohsuke\jinterop\j-interop\2.0.8-kohsuke-1\j-interop-2.0.8-kohsuke-1.jar;C:\Users\dc-user\.m2\repository\org\kohsuke\jinterop\j-interopdeps\2.0.8-kohsuke-1\j-interopdeps-2.0.8-kohsuke-1.jar;C:\Users\dc-user\.m2\repository\org\samba\jcifs\jcifs\1.3.18-kohsuke-1\jcifs-1.3.18-kohsuke-1.jar;C:\Users\dc-user\.m2\repository\org\jvnet\robust-http-client\robust-http-client\1.2\robust-http-client-1.2.jar;C:\Users\dc-user\.m2\repository\org\jenkins-ci\symbol-annotation\1.23\symbol-annotation-1.23.jar;C:\Users\dc-user\.m2\repository\commons-codec\commons-codec\1.15\commons-codec-1.15.jar;C:\Users\dc-user\.m2\repository\commons-fileupload\commons-fileupload\1.3.1-jenkins-2\commons-fileupload-1.3.1-jenkins-2.jar;C:\Users\dc-user\.m2\repository\com\google\guava\guava\11.0.1\guava-11.0.1.jar;C:\Users\dc-user\.m2\repository\com\jcraft\jzlib\1.1.3-kohsuke-1\jzlib-1.1.3-kohsuke-1.jar;C:\Users\dc-user\.m2\repository\org\jenkins-ci\main\jenkins-war\2.277.1\jenkins-war-2.277.1.war;C:\Users\dc-user\.m2\repository\org\jenkins-ci\modules\instance-identity\2.2\instance-identity-2.2.jar;C:\Users\dc-user\.m2\repository\io\github\stephenc\crypto\self-signed-cert-generator\1.0.0\self-signed-cert-generator-1.0.0.jar;C:\Users\dc-user\.m2\repository\org\jenkins-ci\modules\ssh-cli-auth\1.8\ssh-cli-auth-1.8.jar;C:\Users\dc-user\.m2\repository\org\jenkins-ci\modules\slave-installer\1.7\slave-installer-1.7.jar;C:\Users\dc-user\.m2\repository\org\jenkins-ci\modules\windows-slave-installer\2.0\windows-slave-installer-2.0.jar;C:\Users\dc-user\.m2\repository\org\jenkins-ci\modules\launchd-slave-installer\1.2\launchd-slave-installer-1.2.jar;C:\Users\dc-user\.m2\repository\org\jenkins-ci\modules\upstart-slave-installer\1.1\upstart-slave-installer-1.1.jar;C:\Users\dc-user\.m2\repository\org\jenkins-ci\modules\systemd-slave-installer\1.1\systemd-slave-installer-1.1.jar;C:\Users\dc-user\.m2\repository\org\jenkins-ci\modules\sshd\2.7\sshd-2.7.jar;C:\Users\dc-user\.m2\repository\org\apache\sshd\sshd-core\1.7.0\sshd-core-1.7.0.jar;C:\Users\dc-user\.m2\repository\net\i2p\crypto\eddsa\0.3.0\eddsa-0.3.0.jar;C:\Users\dc-user\.m2\repository\org\jenkins-ci\ui\handlebars\1.1.1\handlebars-1.1.1-core-assets.jar;C:\Users\dc-user\.m2\repository\org\slf4j\slf4j-jdk14\1.7.30\slf4j-jdk14-1.7.30.jar;C:\Users\dc-user\.m2\repository\javax\servlet\javax.servlet-api\3.1.0\javax.servlet-api-3.1.0.jar;C:\Users\dc-user\.m2\repository\com\github\spotbugs\spotbugs-annotations\4.4.1\spotbugs-annotations-4.4.1.jar;C:\Users\dc-user\.m2\repository\com\google\code\findbugs\jsr305\3.0.2\jsr305-3.0.2.jar;C:\Users\dc-user\.m2\repository\net\jcip\jcip-annotations\1.0\jcip-annotations-1.0.jar;C:\Users\dc-user\.m2\repository\org\codehaus\mojo\animal-sniffer-annotations\1.20\animal-sniffer-annotations-1.20.jar;C:\Users\dc-user\.m2\repository\commons-logging\commons-logging\1.2\commons-logging-1.2.jar;C:\Users\dc-user\.m2\repository\org\kohsuke\access-modifier-annotation\1.24\access-modifier-annotation-1.24.jar;C:\Users\dc-user\.m2\repository\org\jenkins-ci\main\jenkins-test-harness\1589.vc23fca066d5c\jenkins-test-harness-1589.vc23fca066d5c.jar;C:\Users\dc-user\.m2\repository\org\eclipse\jetty\jetty-webapp\9.4.41.v20210516\jetty-webapp-9.4.41.v20210516.jar;C:\Users\dc-user\.m2\repository\org\eclipse\jetty\jetty-xml\9.4.41.v20210516\jetty-xml-9.4.41.v20210516.jar;C:\Users\dc-user\.m2\repository\org\eclipse\jetty\jetty-util\9.4.41.v20210516\jetty-util-9.4.41.v20210516.jar;C:\Users\dc-user\.m2\repository\org\eclipse\jetty\jetty-servlet\9.4.41.v20210516\jetty-servlet-9.4.41.v20210516.jar;C:\Users\dc-user\.m2\repository\org\eclipse\jetty\jetty-util-ajax\9.4.41.v20210516\jetty-util-ajax-9.4.41.v20210516.jar;C:\Users\dc-user\.m2\repository\org\eclipse\jetty\jetty-security\9.4.41.v20210516\jetty-security-9.4.41.v20210516.jar;C:\Users\dc-user\.m2\repository\org\eclipse\jetty\jetty-server\9.4.41.v20210516\jetty-server-9.4.41.v20210516.jar;C:\Users\dc-user\.m2\repository\org\eclipse\jetty\jetty-io\9.4.41.v20210516\jetty-io-9.4.41.v20210516.jar;C:\Users\dc-user\.m2\repository\org\eclipse\jetty\websocket\websocket-api\9.4.41.v20210516\websocket-api-9.4.41.v20210516.jar;C:\Users\dc-user\.m2\repository\org\eclipse\jetty\websocket\websocket-server\9.4.41.v20210516\websocket-server-9.4.41.v20210516.jar;C:\Users\dc-user\.m2\repository\org\eclipse\jetty\websocket\websocket-common\9.4.41.v20210516\websocket-common-9.4.41.v20210516.jar;C:\Users\dc-user\.m2\repository\org\eclipse\jetty\websocket\websocket-client\9.4.41.v20210516\websocket-client-9.4.41.v20210516.jar;C:\Users\dc-user\.m2\repository\org\eclipse\jetty\jetty-client\9.4.41.v20210516\jetty-client-9.4.41.v20210516.jar;C:\Users\dc-user\.m2\repository\org\eclipse\jetty\websocket\websocket-servlet\9.4.41.v20210516\websocket-servlet-9.4.41.v20210516.jar;C:\Users\dc-user\.m2\repository\org\eclipse\jetty\jetty-http\9.4.41.v20210516\jetty-http-9.4.41.v20210516.jar;C:\Users\dc-user\.m2\repository\org\jenkins-ci\main\jenkins-test-harness-htmlunit\56.vf1eabfc274f8\jenkins-test-harness-htmlunit-56.vf1eabfc274f8.jar;C:\Users\dc-user\.m2\repository\xalan\serializer\2.7.2\serializer-2.7.2.jar;C:\Users\dc-user\.m2\repository\xml-apis\xml-apis\1.4.01\xml-apis-1.4.01.jar;C:\Users\dc-user\.m2\repository\commons-net\commons-net\3.8.0\commons-net-3.8.0.jar;C:\Users\dc-user\.m2\repository\org\brotli\dec\0.1.2\dec-0.1.2.jar;C:\Users\dc-user\.m2\repository\com\shapesecurity\salvation2\3.0.0\salvation2-3.0.0.jar;C:\Users\dc-user\.m2\repository\org\jvnet\hudson\embedded-rhino-debugger\1.2\embedded-rhino-debugger-1.2.jar;C:\Users\dc-user\.m2\repository\io\jenkins\lib\support-log-formatter\1.0\support-log-formatter-1.0.jar;C:\Users\dc-user\.m2\repository\org\netbeans\modules\org-netbeans-insane\RELEASE123\org-netbeans-insane-RELEASE123.jar;C:\Users\dc-user\.m2\repository\org\openjdk\jmh\jmh-core\1.32\jmh-core-1.32.jar;C:\Users\dc-user\.m2\repository\net\sf\jopt-simple\jopt-simple\4.6\jopt-simple-4.6.jar;C:\Users\dc-user\.m2\repository\org\apache\commons\commons-math3\3.2\commons-math3-3.2.jar;C:\Users\dc-user\.m2\repository\org\openjdk\jmh\jmh-generator-annprocess\1.32\jmh-generator-annprocess-1.32.jar;C:\Users\dc-user\.m2\repository\org\jenkins-ci\test-annotations\1.3\test-annotations-1.3.jar;C:\Users\dc-user\.m2\repository\junit\junit\4.13.2\junit-4.13.2.jar;"/>
    <property name="java.vm.vendor" value="Azul Systems, Inc."/>
    <property name="sun.arch.data.model" value="64"/>
    <property name="user.variant" value=""/>
    <property name="java.vendor.url" value="http://www.azul.com/"/>
    <property name="user.timezone" value="America/Chicago"/>
    <property name="java.vm.specification.version" value="1.8"/>
    <property name="os.name" value="Windows Server 2019"/>
    <property name="user.country" value="US"/>
    <property name="sun.java.launcher" value="SUN_STANDARD"/>
    <property name="sun.boot.library.path" value="D:\zjdk8.0.402\jre\bin"/>
    <property name="sun.java.command" value="C:\Users\dc-user\AppData\Local\Temp\2\surefire1269086530293920806\surefirebooter8411644317349288029.jar C:\Users\dc-user\AppData\Local\Temp\2\surefire1269086530293920806 2024-03-16T10-42-31_604-jvmRun1 surefire1602967334588415255tmp surefire_08014528755795097985tmp"/>
    <property name="surefire.test.class.path" value="D:\WorkArea\Plugins\folder-tear-down\target\test-classes;D:\WorkArea\Plugins\folder-tear-down\target\classes;C:\Users\dc-user\.m2\repository\org\jenkins-ci\plugins\workflow\workflow-multibranch\2.24\workflow-multibranch-2.24.jar;C:\Users\dc-user\.m2\repository\org\jenkins-ci\plugins\workflow\workflow-step-api\2.24\workflow-step-api-2.24.jar;C:\Users\dc-user\.m2\repository\org\jenkins-ci\plugins\workflow\workflow-job\2.41\workflow-job-2.41.jar;C:\Users\dc-user\.m2\repository\org\jenkins-ci\plugins\workflow\workflow-support\3.8\workflow-support-3.8.jar;C:\Users\dc-user\.m2\repository\org\jboss\marshalling\jboss-marshalling-river\2.0.6.Final\jboss-marshalling-river-2.0.6.Final.jar;C:\Users\dc-user\.m2\repository\org\jboss\marshalling\jboss-marshalling\2.0.6.Final\jboss-marshalling-2.0.6.Final.jar;C:\Users\dc-user\.m2\repository\org\jenkins-ci\plugins\structs\1.23\structs-1.23.jar;C:\Users\dc-user\.m2\repository\org\jenkins-ci\plugins\workflow\workflow-cps\2.93\workflow-cps-2.93.jar;C:\Users\dc-user\.m2\repository\com\cloudbees\groovy-cps\1.32\groovy-cps-1.32.jar;C:\Users\dc-user\.m2\repository\org\jenkins-ci\ui\ace-editor\1.1\ace-editor-1.1.jar;C:\Users\dc-user\.m2\repository\com\cloudbees\diff4j\1.3\diff4j-1.3.jar;C:\Users\dc-user\.m2\repository\org\jenkins-ci\plugins\scm-api\2.6.5\scm-api-2.6.5.jar;C:\Users\dc-user\.m2\repository\org\jenkins-ci\plugins\branch-api\2.6.5\branch-api-2.6.5.jar;C:\Users\dc-user\.m2\repository\org\jenkins-ci\plugins\cloudbees-folder\6.16\cloudbees-folder-6.16.jar;C:\Users\dc-user\.m2\repository\org\jenkins-ci\plugins\workflow\workflow-api\2.46\workflow-api-2.46.jar;C:\Users\dc-user\.m2\repository\org\jenkins-ci\plugins\workflow\workflow-scm-step\2.13\workflow-scm-step-2.13.jar;C:\Users\dc-user\.m2\repository\org\jenkins-ci\plugins\script-security\1.78\script-security-1.78.jar;C:\Users\dc-user\.m2\repository\org\kohsuke\groovy-sandbox\1.27\groovy-sandbox-1.27.jar;C:\Users\dc-user\.m2\repository\io\jenkins\plugins\caffeine-api\2.9.2-29.v717aac953ff3\caffeine-api-2.9.2-29.v717aac953ff3.jar;C:\Users\dc-user\.m2\repository\com\github\ben-manes\caffeine\caffeine\2.9.2\caffeine-2.9.2.jar;C:\Users\dc-user\.m2\repository\org\jenkins-ci\plugins\git\3.6.0\git-3.6.0.jar;C:\Users\dc-user\.m2\repository\joda-time\joda-time\2.9.5\joda-time-2.9.5.jar;C:\Users\dc-user\.m2\repository\com\infradna\tool\bridge-method-annotation\1.17\bridge-method-annotation-1.17.jar;C:\Users\dc-user\.m2\repository\org\jenkins-ci\plugins\git-client\3.9.0\git-client-3.9.0.jar;C:\Users\dc-user\.m2\repository\org\jenkins-ci\plugins\trilead-api\1.0.13\trilead-api-1.0.13.jar;C:\Users\dc-user\.m2\repository\org\jenkins-ci\trilead-ssh2\build-217-jenkins-27\trilead-ssh2-build-217-jenkins-27.jar;C:\Users\dc-user\.m2\repository\com\google\crypto\tink\tink\1.5.0\tink-1.5.0.jar;C:\Users\dc-user\.m2\repository\com\google\protobuf\protobuf-java\3.11.1\protobuf-java-3.11.1.jar;C:\Users\dc-user\.m2\repository\org\kohsuke\trilead-putty-extension\1.2\trilead-putty-extension-1.2.jar;C:\Users\dc-user\.m2\repository\org\eclipse\jgit\org.eclipse.jgit\5.12.0.202106070339-r\org.eclipse.jgit-5.12.0.202106070339-r.jar;C:\Users\dc-user\.m2\repository\com\googlecode\javaewah\JavaEWAH\1.1.7\JavaEWAH-1.1.7.jar;C:\Users\dc-user\.m2\repository\org\eclipse\jgit\org.eclipse.jgit.http.server\5.12.0.202106070339-r\org.eclipse.jgit.http.server-5.12.0.202106070339-r.jar;C:\Users\dc-user\.m2\repository\org\eclipse\jgit\org.eclipse.jgit.http.apache\5.12.0.202106070339-r\org.eclipse.jgit.http.apache-5.12.0.202106070339-r.jar;C:\Users\dc-user\.m2\repository\org\eclipse\jgit\org.eclipse.jgit.lfs\5.12.0.202106070339-r\org.eclipse.jgit.lfs-5.12.0.202106070339-r.jar;C:\Users\dc-user\.m2\repository\com\google\code\gson\gson\2.8.6\gson-2.8.6.jar;C:\Users\dc-user\.m2\repository\org\eclipse\jgit\org.eclipse.jgit.ssh.jsch\5.12.0.202106070339-r\org.eclipse.jgit.ssh.jsch-5.12.0.202106070339-r.jar;C:\Users\dc-user\.m2\repository\org\jenkins-ci\plugins\jsch\0.1.55.2\jsch-0.1.55.2.jar;C:\Users\dc-user\.m2\repository\com\jcraft\jsch\0.1.55\jsch-0.1.55.jar;C:\Users\dc-user\.m2\repository\org\jenkins-ci\plugins\apache-httpcomponents-client-4-api\4.5.13-1.0\apache-httpcomponents-client-4-api-4.5.13-1.0.jar;C:\Users\dc-user\.m2\repository\org\apache\httpcomponents\httpcore\4.4.14\httpcore-4.4.14.jar;C:\Users\dc-user\.m2\repository\org\apache\httpcomponents\httpcore-nio\4.4.14\httpcore-nio-4.4.14.jar;C:\Users\dc-user\.m2\repository\org\apache\httpcomponents\httpclient\4.5.13\httpclient-4.5.13.jar;C:\Users\dc-user\.m2\repository\org\apache\httpcomponents\httpmime\4.5.13\httpmime-4.5.13.jar;C:\Users\dc-user\.m2\repository\org\apache\httpcomponents\fluent-hc\4.5.13\fluent-hc-4.5.13.jar;C:\Users\dc-user\.m2\repository\org\apache\httpcomponents\httpclient-cache\4.5.13\httpclient-cache-4.5.13.jar;C:\Users\dc-user\.m2\repository\org\apache\httpcomponents\httpasyncclient\4.1.4\httpasyncclient-4.1.4.jar;C:\Users\dc-user\.m2\repository\org\apache\httpcomponents\httpasyncclient-cache\4.1.4\httpasyncclient-cache-4.1.4.jar;C:\Users\dc-user\.m2\repository\org\jenkins-ci\plugins\credentials\2.6.1\credentials-2.6.1.jar;C:\Users\dc-user\.m2\repository\org\antlr\antlr4-runtime\4.9.2\antlr4-runtime-4.9.2.jar;C:\Users\dc-user\.m2\repository\org\jenkins-ci\plugins\ssh-credentials\1.18.1\ssh-credentials-1.18.1.jar;C:\Users\dc-user\.m2\repository\org\jenkins-ci\plugins\matrix-project\1.18\matrix-project-1.18.jar;C:\Users\dc-user\.m2\repository\org\jenkins-ci\plugins\mailer\1.34\mailer-1.34.jar;C:\Users\dc-user\.m2\repository\org\jenkins-ci\annotation-indexer\1.12\annotation-indexer-1.12.jar;C:\Users\dc-user\.m2\repository\org\jenkins-ci\plugins\workflow\workflow-aggregator\2.5\workflow-aggregator-2.5.jar;C:\Users\dc-user\.m2\repository\org\jenkins-ci\plugins\workflow\workflow-durable-task-step\2.39\workflow-durable-task-step-2.39.jar;C:\Users\dc-user\.m2\repository\org\jenkins-ci\plugins\durable-task\1.39\durable-task-1.39.jar;C:\Users\dc-user\.m2\repository\io\jenkins\plugins\lib-durable-task\25.v6c906af81ee2\lib-durable-task-25.v6c906af81ee2.jar;C:\Users\dc-user\.m2\repository\org\jenkins-ci\plugins\workflow\workflow-basic-steps\2.24\workflow-basic-steps-2.24.jar;C:\Users\dc-user\.m2\repository\org\jenkins-ci\plugins\pipeline-build-step\2.15\pipeline-build-step-2.15.jar;C:\Users\dc-user\.m2\repository\org\jenkins-ci\plugins\pipeline-input-step\2.12\pipeline-input-step-2.12.jar;C:\Users\dc-user\.m2\repository\org\jenkins-ci\plugins\pipeline-stage-step\2.5\pipeline-stage-step-2.5.jar;C:\Users\dc-user\.m2\repository\org\jenkins-ci\plugins\pipeline-stage-view\pipeline-stage-view\2.4\pipeline-stage-view-2.4.jar;C:\Users\dc-user\.m2\repository\org\jenkins-ci\plugins\pipeline-stage-view\pipeline-rest-api\2.4\pipeline-rest-api-2.4.jar;C:\Users\dc-user\.m2\repository\org\jenkins-ci\plugins\pipeline-graph-analysis\1.11\pipeline-graph-analysis-1.11.jar;C:\Users\dc-user\.m2\repository\org\jenkins-ci\ui\jquery-detached\1.2.1\jquery-detached-1.2.1.jar;C:\Users\dc-user\.m2\repository\org\jenkins-ci\ui\handlebars\1.1\handlebars-1.1.jar;C:\Users\dc-user\.m2\repository\org\jenkins-ci\ui\momentjs\1.1\momentjs-1.1.jar;C:\Users\dc-user\.m2\repository\org\jenkins-ci\plugins\pipeline-milestone-step\1.3\pipeline-milestone-step-1.3.jar;C:\Users\dc-user\.m2\repository\org\jenkinsci\plugins\pipeline-model-definition\1.9.1\pipeline-model-definition-1.9.1.jar;C:\Users\dc-user\.m2\repository\org\jenkinsci\plugins\pipeline-model-api\1.9.1\pipeline-model-api-1.9.1.jar;C:\Users\dc-user\.m2\repository\com\github\fge\json-schema-validator\2.0.4\json-schema-validator-2.0.4.jar;C:\Users\dc-user\.m2\repository\com\github\fge\json-schema-core\1.0.4\json-schema-core-1.0.4.jar;C:\Users\dc-user\.m2\repository\org\mozilla\rhino\1.7R4\rhino-1.7R4.jar;C:\Users\dc-user\.m2\repository\javax\mail\mailapi\1.4.3\mailapi-1.4.3.jar;C:\Users\dc-user\.m2\repository\com\googlecode\libphonenumber\libphonenumber\5.3\libphonenumber-5.3.jar;C:\Users\dc-user\.m2\repository\org\jenkinsci\plugins\pipeline-model-extensions\1.9.1\pipeline-model-extensions-1.9.1.jar;C:\Users\dc-user\.m2\repository\org\jenkinsci\plugins\pipeline-stage-tags-metadata\1.9.1\pipeline-stage-tags-metadata-1.9.1.jar;C:\Users\dc-user\.m2\repository\org\jenkins-ci\plugins\credentials-binding\1.27\credentials-binding-1.27.jar;C:\Users\dc-user\.m2\repository\org\jenkins-ci\plugins\plain-credentials\1.7\plain-credentials-1.7.jar;C:\Users\dc-user\.m2\repository\org\jenkins-ci\plugins\workflow\workflow-cps-global-lib\2.21\workflow-cps-global-lib-2.21.jar;C:\Users\dc-user\.m2\repository\org\apache\ivy\ivy\2.4.0\ivy-2.4.0.jar;C:\Users\dc-user\.m2\repository\org\jenkins-ci\plugins\git-server\1.9\git-server-1.9.jar;C:\Users\dc-user\.m2\repository\org\jenkins-ci\plugins\scm-api\2.6.5\scm-api-2.6.5-tests.jar;C:\Users\dc-user\.m2\repository\org\jenkins-ci\plugins\git\3.6.0\git-3.6.0-tests.jar;C:\Users\dc-user\.m2\repository\org\hamcrest\hamcrest-core\2.2\hamcrest-core-2.2.jar;C:\Users\dc-user\.m2\repository\org\hamcrest\hamcrest\2.2\hamcrest-2.2.jar;C:\Users\dc-user\.m2\repository\org\hamcrest\hamcrest-library\2.2\hamcrest-library-2.2.jar;C:\Users\dc-user\.m2\repository\org\mockito\mockito-all\1.10.19\mockito-all-1.10.19.jar;C:\Users\dc-user\.m2\repository\org\jenkins-ci\plugins\junit\1.53\junit-1.53.jar;C:\Users\dc-user\.m2\repository\io\jenkins\plugins\echarts-api\5.0.2-1\echarts-api-5.0.2-1.jar;C:\Users\dc-user\.m2\repository\org\eclipse\collections\eclipse-collections-api\9.2.0\eclipse-collections-api-9.2.0.jar;C:\Users\dc-user\.m2\repository\org\eclipse\collections\eclipse-collections\9.2.0\eclipse-collections-9.2.0.jar;C:\Users\dc-user\.m2\repository\io\jenkins\plugins\jquery3-api\3.6.0-2\jquery3-api-3.6.0-2.jar;C:\Users\dc-user\.m2\repository\io\jenkins\plugins\checks-api\1.7.2\checks-api-1.7.2.jar;C:\Users\dc-user\.m2\repository\io\jenkins\plugins\plugin-util-api\2.4.0\plugin-util-api-2.4.0.jar;C:\Users\dc-user\.m2\repository\org\jenkins-ci\plugins\display-url-api\2.3.5\display-url-api-2.3.5.jar;C:\Users\dc-user\.m2\repository\io\jenkins\plugins\bootstrap4-api\4.6.0-3\bootstrap4-api-4.6.0-3.jar;C:\Users\dc-user\.m2\repository\io\jenkins\plugins\popper-api\1.16.1-2\popper-api-1.16.1-2.jar;C:\Users\dc-user\.m2\repository\io\jenkins\plugins\font-awesome-api\5.15.4-1\font-awesome-api-5.15.4-1.jar;C:\Users\dc-user\.m2\repository\com\j2html\j2html\1.4.0\j2html-1.4.0.jar;C:\Users\dc-user\.m2\repository\org\jenkins-ci\plugins\jackson2-api\2.12.4\jackson2-api-2.12.4.jar;C:\Users\dc-user\.m2\repository\com\fasterxml\jackson\core\jackson-databind\2.12.4\jackson-databind-2.12.4.jar;C:\Users\dc-user\.m2\repository\com\fasterxml\jackson\datatype\jackson-datatype-jsr310\2.12.4\jackson-datatype-jsr310-2.12.4.jar;C:\Users\dc-user\.m2\repository\com\fasterxml\jackson\datatype\jackson-datatype-jdk8\2.12.4\jackson-datatype-jdk8-2.12.4.jar;C:\Users\dc-user\.m2\repository\com\fasterxml\jackson\datatype\jackson-datatype-json-org\2.12.4\jackson-datatype-json-org-2.12.4.jar;C:\Users\dc-user\.m2\repository\org\json\json\20190722\json-20190722.jar;C:\Users\dc-user\.m2\repository\com\fasterxml\jackson\module\jackson-module-parameter-names\2.12.4\jackson-module-parameter-names-2.12.4.jar;C:\Users\dc-user\.m2\repository\com\fasterxml\jackson\core\jackson-core\2.12.4\jackson-core-2.12.4.jar;C:\Users\dc-user\.m2\repository\com\fasterxml\jackson\core\jackson-annotations\2.12.4\jackson-annotations-2.12.4.jar;C:\Users\dc-user\.m2\repository\com\fasterxml\jackson\module\jackson-module-jaxb-annotations\2.12.4\jackson-module-jaxb-annotations-2.12.4.jar;C:\Users\dc-user\.m2\repository\jakarta\xml\bind\jakarta.xml.bind-api\2.3.2\jakarta.xml.bind-api-2.3.2.jar;C:\Users\dc-user\.m2\repository\jakarta\activation\jakarta.activation-api\1.2.1\jakarta.activation-api-1.2.1.jar;C:\Users\dc-user\.m2\repository\com\fasterxml\jackson\dataformat\jackson-dataformat-xml\2.12.4\jackson-dataformat-xml-2.12.4.jar;C:\Users\dc-user\.m2\repository\org\codehaus\woodstox\stax2-api\4.2.1\stax2-api-4.2.1.jar;C:\Users\dc-user\.m2\repository\com\fasterxml\woodstox\woodstox-core\6.2.4\woodstox-core-6.2.4.jar;C:\Users\dc-user\.m2\repository\com\fasterxml\jackson\dataformat\jackson-dataformat-yaml\2.12.4\jackson-dataformat-yaml-2.12.4.jar;C:\Users\dc-user\.m2\repository\io\jenkins\plugins\snakeyaml-api\1.29.1\snakeyaml-api-1.29.1.jar;C:\Users\dc-user\.m2\repository\org\yaml\snakeyaml\1.29\snakeyaml-1.29.jar;C:\Users\dc-user\.m2\repository\org\jenkins-ci\main\jenkins-core\2.277.1\jenkins-core-2.277.1.jar;C:\Users\dc-user\.m2\repository\org\jenkins-ci\main\remoting\4.6\remoting-4.6.jar;C:\Users\dc-user\.m2\repository\org\jenkins-ci\main\cli\2.277.1\cli-2.277.1.jar;C:\Users\dc-user\.m2\repository\org\jenkins-ci\version-number\1.7\version-number-1.7.jar;C:\Users\dc-user\.m2\repository\org\jenkins-ci\crypto-util\1.5\crypto-util-1.5.jar;C:\Users\dc-user\.m2\repository\org\jvnet\hudson\jtidy\4aug2000r7-dev-hudson-1\jtidy-4aug2000r7-dev-hudson-1.jar;C:\Users\dc-user\.m2\repository\com\google\inject\guice\4.0\guice-4.0.jar;C:\Users\dc-user\.m2\repository\javax\inject\javax.inject\1\javax.inject-1.jar;C:\Users\dc-user\.m2\repository\aopalliance\aopalliance\1.0\aopalliance-1.0.jar;C:\Users\dc-user\.m2\repository\org\connectbot\jbcrypt\jbcrypt\1.0.0\jbcrypt-1.0.0.jar;C:\Users\dc-user\.m2\repository\org\jruby\ext\posix\jna-posix\1.0.3-jenkins-1\jna-posix-1.0.3-jenkins-1.jar;C:\Users\dc-user\.m2\repository\com\github\jnr\jnr-posix\3.1.4\jnr-posix-3.1.4.jar;C:\Users\dc-user\.m2\repository\com\github\jnr\jnr-ffi\2.2.1\jnr-ffi-2.2.1.jar;C:\Users\dc-user\.m2\repository\com\github\jnr\jffi\1.3.1\jffi-1.3.1.jar;C:\Users\dc-user\.m2\repository\com\github\jnr\jffi\1.3.1\jffi-1.3.1-native.jar;C:\Users\dc-user\.m2\repository\org\ow2\asm\asm\9.0\asm-9.0.jar;C:\Users\dc-user\.m2\repository\org\ow2\asm\asm-commons\9.0\asm-commons-9.0.jar;C:\Users\dc-user\.m2\repository\org\ow2\asm\asm-analysis\9.0\asm-analysis-9.0.jar;C:\Users\dc-user\.m2\repository\org\ow2\asm\asm-tree\9.0\asm-tree-9.0.jar;C:\Users\dc-user\.m2\repository\org\ow2\asm\asm-util\9.0\asm-util-9.0.jar;C:\Users\dc-user\.m2\repository\com\github\jnr\jnr-a64asm\1.0.0\jnr-a64asm-1.0.0.jar;C:\Users\dc-user\.m2\repository\com\github\jnr\jnr-x86asm\1.0.2\jnr-x86asm-1.0.2.jar;C:\Users\dc-user\.m2\repository\com\github\jnr\jnr-constants\0.10.1\jnr-constants-0.10.1.jar;C:\Users\dc-user\.m2\repository\org\kohsuke\stapler\stapler\1.262\stapler-1.262.jar;C:\Users\dc-user\.m2\repository\javax\annotation\javax.annotation-api\1.2\javax.annotation-api-1.2.jar;C:\Users\dc-user\.m2\repository\commons-discovery\commons-discovery\0.4\commons-discovery-0.4.jar;C:\Users\dc-user\.m2\repository\org\jvnet\tiger-types\2.2\tiger-types-2.2.jar;C:\Users\dc-user\.m2\repository\org\kohsuke\asm5\5.0.1\asm5-5.0.1.jar;C:\Users\dc-user\.m2\repository\org\kohsuke\stapler\stapler-groovy\1.262\stapler-groovy-1.262.jar;C:\Users\dc-user\.m2\repository\org\kohsuke\stapler\stapler-jelly\1.262\stapler-jelly-1.262.jar;C:\Users\dc-user\.m2\repository\org\jenkins-ci\commons-jelly\1.1-jenkins-20120928\commons-jelly-1.1-jenkins-20120928.jar;C:\Users\dc-user\.m2\repository\org\dom4j\dom4j\2.1.3\dom4j-2.1.3.jar;C:\Users\dc-user\.m2\repository\org\kohsuke\windows-package-checker\1.2\windows-package-checker-1.2.jar;C:\Users\dc-user\.m2\repository\org\kohsuke\stapler\stapler-adjunct-timeline\1.5\stapler-adjunct-timeline-1.5.jar;C:\Users\dc-user\.m2\repository\org\kohsuke\stapler\stapler-adjunct-codemirror\1.3\stapler-adjunct-codemirror-1.3.jar;C:\Users\dc-user\.m2\repository\io\jenkins\stapler\jenkins-stapler-support\1.1\jenkins-stapler-support-1.1.jar;C:\Users\dc-user\.m2\repository\org\kohsuke\stapler\json-lib\2.4-jenkins-2\json-lib-2.4-jenkins-2.jar;C:\Users\dc-user\.m2\repository\net\sf\ezmorph\ezmorph\1.0.6\ezmorph-1.0.6.jar;C:\Users\dc-user\.m2\repository\commons-httpclient\commons-httpclient\3.1-jenkins-2\commons-httpclient-3.1-jenkins-2.jar;C:\Users\dc-user\.m2\repository\args4j\args4j\2.33\args4j-2.33.jar;C:\Users\dc-user\.m2\repository\org\jenkins-ci\bytecode-compatibility-transformer\2.0-beta-2\bytecode-compatibility-transformer-2.0-beta-2.jar;C:\Users\dc-user\.m2\repository\org\kohsuke\asm6\6.2\asm6-6.2.jar;C:\Users\dc-user\.m2\repository\org\jenkins-ci\constant-pool-scanner\1.2\constant-pool-scanner-1.2.jar;C:\Users\dc-user\.m2\repository\org\jenkins-ci\task-reactor\1.5\task-reactor-1.5.jar;C:\Users\dc-user\.m2\repository\org\jvnet\localizer\localizer\1.28\localizer-1.28.jar;C:\Users\dc-user\.m2\repository\antlr\antlr\2.7.7\antlr-2.7.7.jar;C:\Users\dc-user\.m2\repository\com\thoughtworks\xstream\xstream\1.4.15\xstream-1.4.15.jar;C:\Users\dc-user\.m2\repository\xpp3\xpp3\1.1.4c\xpp3-1.1.4c.jar;C:\Users\dc-user\.m2\repository\net\sf\kxml\kxml2\2.3.0\kxml2-2.3.0.jar;C:\Users\dc-user\.m2\repository\org\jfree\jfreechart\1.0.19\jfreechart-1.0.19.jar;C:\Users\dc-user\.m2\repository\org\jfree\jcommon\1.0.23\jcommon-1.0.23.jar;C:\Users\dc-user\.m2\repository\org\apache\ant\ant\1.10.9\ant-1.10.9.jar;C:\Users\dc-user\.m2\repository\org\apache\ant\ant-launcher\1.10.9\ant-launcher-1.10.9.jar;D:\zjdk8.0.402\jre\..\lib\tools.jar;C:\Users\dc-user\.m2\repository\commons-io\commons-io\2.8.0\commons-io-2.8.0.jar;C:\Users\dc-user\.m2\repository\commons-lang\commons-lang\2.6\commons-lang-2.6.jar;C:\Users\dc-user\.m2\repository\commons-digester\commons-digester\2.1\commons-digester-2.1.jar;C:\Users\dc-user\.m2\repository\commons-beanutils\commons-beanutils\1.9.3\commons-beanutils-1.9.3.jar;C:\Users\dc-user\.m2\repository\org\apache\commons\commons-compress\1.19\commons-compress-1.19.jar;C:\Users\dc-user\.m2\repository\com\sun\mail\jakarta.mail\1.6.5\jakarta.mail-1.6.5.jar;C:\Users\dc-user\.m2\repository\com\sun\activation\jakarta.activation\1.2.1\jakarta.activation-1.2.1.jar;C:\Users\dc-user\.m2\repository\jaxen\jaxen\1.1-beta-11\jaxen-1.1-beta-11.jar;C:\Users\dc-user\.m2\repository\commons-jelly\commons-jelly-tags-fmt\1.0\commons-jelly-tags-fmt-1.0.jar;C:\Users\dc-user\.m2\repository\commons-jelly\commons-jelly-tags-xml\1.1\commons-jelly-tags-xml-1.1.jar;C:\Users\dc-user\.m2\repository\org\jvnet\hudson\commons-jelly-tags-define\1.0.1-hudson-20071021\commons-jelly-tags-define-1.0.1-hudson-20071021.jar;C:\Users\dc-user\.m2\repository\org\jenkins-ci\commons-jexl\1.1-jenkins-20111212\commons-jexl-1.1-jenkins-20111212.jar;C:\Users\dc-user\.m2\repository\org\springframework\security\spring-security-web\5.4.4\spring-security-web-5.4.4.jar;C:\Users\dc-user\.m2\repository\org\springframework\security\spring-security-core\5.4.4\spring-security-core-5.4.4.jar;C:\Users\dc-user\.m2\repository\org\springframework\spring-aop\5.2.12.RELEASE\spring-aop-5.2.12.RELEASE.jar;C:\Users\dc-user\.m2\repository\org\springframework\spring-beans\5.2.12.RELEASE\spring-beans-5.2.12.RELEASE.jar;C:\Users\dc-user\.m2\repository\org\springframework\spring-context\5.2.12.RELEASE\spring-context-5.2.12.RELEASE.jar;C:\Users\dc-user\.m2\repository\org\springframework\spring-core\5.2.12.RELEASE\spring-core-5.2.12.RELEASE.jar;C:\Users\dc-user\.m2\repository\org\springframework\spring-expression\5.2.12.RELEASE\spring-expression-5.2.12.RELEASE.jar;C:\Users\dc-user\.m2\repository\org\springframework\spring-web\5.2.12.RELEASE\spring-web-5.2.12.RELEASE.jar;C:\Users\dc-user\.m2\repository\org\codehaus\groovy\groovy-all\2.4.12\groovy-all-2.4.12.jar;C:\Users\dc-user\.m2\repository\jline\jline\2.12\jline-2.12.jar;C:\Users\dc-user\.m2\repository\org\fusesource\jansi\jansi\1.11\jansi-1.11.jar;C:\Users\dc-user\.m2\repository\jakarta\servlet\jsp\jstl\jakarta.servlet.jsp.jstl-api\1.2.7\jakarta.servlet.jsp.jstl-api-1.2.7.jar;C:\Users\dc-user\.m2\repository\org\slf4j\jcl-over-slf4j\1.7.30\jcl-over-slf4j-1.7.30.jar;C:\Users\dc-user\.m2\repository\org\slf4j\slf4j-api\1.7.30\slf4j-api-1.7.30.jar;C:\Users\dc-user\.m2\repository\org\slf4j\log4j-over-slf4j\1.7.30\log4j-over-slf4j-1.7.30.jar;C:\Users\dc-user\.m2\repository\com\sun\xml\txw2\txw2\20110809\txw2-20110809.jar;C:\Users\dc-user\.m2\repository\javax\xml\stream\stax-api\1.0-2\stax-api-1.0-2.jar;C:\Users\dc-user\.m2\repository\relaxngDatatype\relaxngDatatype\20020414\relaxngDatatype-20020414.jar;C:\Users\dc-user\.m2\repository\commons-collections\commons-collections\3.2.2\commons-collections-3.2.2.jar;C:\Users\dc-user\.m2\repository\org\jvnet\winp\winp\1.28\winp-1.28.jar;C:\Users\dc-user\.m2\repository\org\jenkins-ci\memory-monitor\1.9\memory-monitor-1.9.jar;C:\Users\dc-user\.m2\repository\org\codehaus\woodstox\wstx-asl\3.2.9\wstx-asl-3.2.9.jar;C:\Users\dc-user\.m2\repository\stax\stax-api\1.0.1\stax-api-1.0.1.jar;C:\Users\dc-user\.m2\repository\net\java\dev\jna\jna\5.6.0\jna-5.6.0.jar;C:\Users\dc-user\.m2\repository\org\kohsuke\akuma\1.10\akuma-1.10.jar;C:\Users\dc-user\.m2\repository\org\kohsuke\libpam4j\1.11\libpam4j-1.11.jar;C:\Users\dc-user\.m2\repository\com\sun\solaris\embedded_su4j\1.1\embedded_su4j-1.1.jar;C:\Users\dc-user\.m2\repository\net\java\sezpoz\sezpoz\1.13\sezpoz-1.13.jar;C:\Users\dc-user\.m2\repository\org\kohsuke\jinterop\j-interop\2.0.8-kohsuke-1\j-interop-2.0.8-kohsuke-1.jar;C:\Users\dc-user\.m2\repository\org\kohsuke\jinterop\j-interopdeps\2.0.8-kohsuke-1\j-interopdeps-2.0.8-kohsuke-1.jar;C:\Users\dc-user\.m2\repository\org\samba\jcifs\jcifs\1.3.18-kohsuke-1\jcifs-1.3.18-kohsuke-1.jar;C:\Users\dc-user\.m2\repository\org\jvnet\robust-http-client\robust-http-client\1.2\robust-http-client-1.2.jar;C:\Users\dc-user\.m2\repository\org\jenkins-ci\symbol-annotation\1.23\symbol-annotation-1.23.jar;C:\Users\dc-user\.m2\repository\commons-codec\commons-codec\1.15\commons-codec-1.15.jar;C:\Users\dc-user\.m2\repository\commons-fileupload\commons-fileupload\1.3.1-jenkins-2\commons-fileupload-1.3.1-jenkins-2.jar;C:\Users\dc-user\.m2\repository\com\google\guava\guava\11.0.1\guava-11.0.1.jar;C:\Users\dc-user\.m2\repository\com\jcraft\jzlib\1.1.3-kohsuke-1\jzlib-1.1.3-kohsuke-1.jar;C:\Users\dc-user\.m2\repository\org\jenkins-ci\main\jenkins-war\2.277.1\jenkins-war-2.277.1.war;C:\Users\dc-user\.m2\repository\org\jenkins-ci\modules\instance-identity\2.2\instance-identity-2.2.jar;C:\Users\dc-user\.m2\repository\io\github\stephenc\crypto\self-signed-cert-generator\1.0.0\self-signed-cert-generator-1.0.0.jar;C:\Users\dc-user\.m2\repository\org\jenkins-ci\modules\ssh-cli-auth\1.8\ssh-cli-auth-1.8.jar;C:\Users\dc-user\.m2\repository\org\jenkins-ci\modules\slave-installer\1.7\slave-installer-1.7.jar;C:\Users\dc-user\.m2\repository\org\jenkins-ci\modules\windows-slave-installer\2.0\windows-slave-installer-2.0.jar;C:\Users\dc-user\.m2\repository\org\jenkins-ci\modules\launchd-slave-installer\1.2\launchd-slave-installer-1.2.jar;C:\Users\dc-user\.m2\repository\org\jenkins-ci\modules\upstart-slave-installer\1.1\upstart-slave-installer-1.1.jar;C:\Users\dc-user\.m2\repository\org\jenkins-ci\modules\systemd-slave-installer\1.1\systemd-slave-installer-1.1.jar;C:\Users\dc-user\.m2\repository\org\jenkins-ci\modules\sshd\2.7\sshd-2.7.jar;C:\Users\dc-user\.m2\repository\org\apache\sshd\sshd-core\1.7.0\sshd-core-1.7.0.jar;C:\Users\dc-user\.m2\repository\net\i2p\crypto\eddsa\0.3.0\eddsa-0.3.0.jar;C:\Users\dc-user\.m2\repository\org\jenkins-ci\ui\handlebars\1.1.1\handlebars-1.1.1-core-assets.jar;C:\Users\dc-user\.m2\repository\org\slf4j\slf4j-jdk14\1.7.30\slf4j-jdk14-1.7.30.jar;C:\Users\dc-user\.m2\repository\javax\servlet\javax.servlet-api\3.1.0\javax.servlet-api-3.1.0.jar;C:\Users\dc-user\.m2\repository\com\github\spotbugs\spotbugs-annotations\4.4.1\spotbugs-annotations-4.4.1.jar;C:\Users\dc-user\.m2\repository\com\google\code\findbugs\jsr305\3.0.2\jsr305-3.0.2.jar;C:\Users\dc-user\.m2\repository\net\jcip\jcip-annotations\1.0\jcip-annotations-1.0.jar;C:\Users\dc-user\.m2\repository\org\codehaus\mojo\animal-sniffer-annotations\1.20\animal-sniffer-annotations-1.20.jar;C:\Users\dc-user\.m2\repository\commons-logging\commons-logging\1.2\commons-logging-1.2.jar;C:\Users\dc-user\.m2\repository\org\kohsuke\access-modifier-annotation\1.24\access-modifier-annotation-1.24.jar;C:\Users\dc-user\.m2\repository\org\jenkins-ci\main\jenkins-test-harness\1589.vc23fca066d5c\jenkins-test-harness-1589.vc23fca066d5c.jar;C:\Users\dc-user\.m2\repository\org\eclipse\jetty\jetty-webapp\9.4.41.v20210516\jetty-webapp-9.4.41.v20210516.jar;C:\Users\dc-user\.m2\repository\org\eclipse\jetty\jetty-xml\9.4.41.v20210516\jetty-xml-9.4.41.v20210516.jar;C:\Users\dc-user\.m2\repository\org\eclipse\jetty\jetty-util\9.4.41.v20210516\jetty-util-9.4.41.v20210516.jar;C:\Users\dc-user\.m2\repository\org\eclipse\jetty\jetty-servlet\9.4.41.v20210516\jetty-servlet-9.4.41.v20210516.jar;C:\Users\dc-user\.m2\repository\org\eclipse\jetty\jetty-util-ajax\9.4.41.v20210516\jetty-util-ajax-9.4.41.v20210516.jar;C:\Users\dc-user\.m2\repository\org\eclipse\jetty\jetty-security\9.4.41.v20210516\jetty-security-9.4.41.v20210516.jar;C:\Users\dc-user\.m2\repository\org\eclipse\jetty\jetty-server\9.4.41.v20210516\jetty-server-9.4.41.v20210516.jar;C:\Users\dc-user\.m2\repository\org\eclipse\jetty\jetty-io\9.4.41.v20210516\jetty-io-9.4.41.v20210516.jar;C:\Users\dc-user\.m2\repository\org\eclipse\jetty\websocket\websocket-api\9.4.41.v20210516\websocket-api-9.4.41.v20210516.jar;C:\Users\dc-user\.m2\repository\org\eclipse\jetty\websocket\websocket-server\9.4.41.v20210516\websocket-server-9.4.41.v20210516.jar;C:\Users\dc-user\.m2\repository\org\eclipse\jetty\websocket\websocket-common\9.4.41.v20210516\websocket-common-9.4.41.v20210516.jar;C:\Users\dc-user\.m2\repository\org\eclipse\jetty\websocket\websocket-client\9.4.41.v20210516\websocket-client-9.4.41.v20210516.jar;C:\Users\dc-user\.m2\repository\org\eclipse\jetty\jetty-client\9.4.41.v20210516\jetty-client-9.4.41.v20210516.jar;C:\Users\dc-user\.m2\repository\org\eclipse\jetty\websocket\websocket-servlet\9.4.41.v20210516\websocket-servlet-9.4.41.v20210516.jar;C:\Users\dc-user\.m2\repository\org\eclipse\jetty\jetty-http\9.4.41.v20210516\jetty-http-9.4.41.v20210516.jar;C:\Users\dc-user\.m2\repository\org\jenkins-ci\main\jenkins-test-harness-htmlunit\56.vf1eabfc274f8\jenkins-test-harness-htmlunit-56.vf1eabfc274f8.jar;C:\Users\dc-user\.m2\repository\xalan\serializer\2.7.2\serializer-2.7.2.jar;C:\Users\dc-user\.m2\repository\xml-apis\xml-apis\1.4.01\xml-apis-1.4.01.jar;C:\Users\dc-user\.m2\repository\commons-net\commons-net\3.8.0\commons-net-3.8.0.jar;C:\Users\dc-user\.m2\repository\org\brotli\dec\0.1.2\dec-0.1.2.jar;C:\Users\dc-user\.m2\repository\com\shapesecurity\salvation2\3.0.0\salvation2-3.0.0.jar;C:\Users\dc-user\.m2\repository\org\jvnet\hudson\embedded-rhino-debugger\1.2\embedded-rhino-debugger-1.2.jar;C:\Users\dc-user\.m2\repository\io\jenkins\lib\support-log-formatter\1.0\support-log-formatter-1.0.jar;C:\Users\dc-user\.m2\repository\org\netbeans\modules\org-netbeans-insane\RELEASE123\org-netbeans-insane-RELEASE123.jar;C:\Users\dc-user\.m2\repository\org\openjdk\jmh\jmh-core\1.32\jmh-core-1.32.jar;C:\Users\dc-user\.m2\repository\net\sf\jopt-simple\jopt-simple\4.6\jopt-simple-4.6.jar;C:\Users\dc-user\.m2\repository\org\apache\commons\commons-math3\3.2\commons-math3-3.2.jar;C:\Users\dc-user\.m2\repository\org\openjdk\jmh\jmh-generator-annprocess\1.32\jmh-generator-annprocess-1.32.jar;C:\Users\dc-user\.m2\repository\org\jenkins-ci\test-annotations\1.3\test-annotations-1.3.jar;C:\Users\dc-user\.m2\repository\junit\junit\4.13.2\junit-4.13.2.jar;"/>
    <property name="sun.cpu.endian" value="little"/>
    <property name="user.home" value="C:\Users\dc-user"/>
    <property name="user.language" value="en"/>
    <property name="java.specification.vendor" value="Oracle Corporation"/>
    <property name="java.home" value="D:\zjdk8.0.402\jre"/>
    <property name="basedir" value="D:\WorkArea\Plugins\folder-tear-down"/>
    <property name="file.separator" value="\"/>
    <property name="line.separator" value="&#10;"/>
    <property name="jdk.vendor.version" value="Zulu 8.76.0.17-CA-win64"/>
    <property name="java.vm.specification.vendor" value="Oracle Corporation"/>
    <property name="java.specification.name" value="Java Platform API Specification"/>
    <property name="java.awt.graphicsenv" value="sun.awt.Win32GraphicsEnvironment"/>
    <property name="java.awt.headless" value="true"/>
    <property name="surefire.real.class.path" value="C:\Users\dc-user\AppData\Local\Temp\2\surefire1269086530293920806\surefirebooter8411644317349288029.jar"/>
    <property name="sun.boot.class.path" value="D:\zjdk8.0.402\jre\lib\resources.jar;D:\zjdk8.0.402\jre\lib\rt.jar;D:\zjdk8.0.402\jre\lib\sunrsasign.jar;D:\zjdk8.0.402\jre\lib\jsse.jar;D:\zjdk8.0.402\jre\lib\jce.jar;D:\zjdk8.0.402\jre\lib\charsets.jar;D:\zjdk8.0.402\jre\lib\jfr.jar;D:\zjdk8.0.402\jre\lib\cat.jar;D:\zjdk8.0.402\jre\classes"/>
    <property name="user.script" value=""/>
    <property name="sun.management.compiler" value="HotSpot 64-Bit Tiered Compilers"/>
    <property name="java.runtime.version" value="1.8.0_402-b06"/>
    <property name="user.name" value="dc-user"/>
    <property name="path.separator" value=";"/>
    <property name="os.version" value="10.0"/>
    <property name="java.endorsed.dirs" value="D:\zjdk8.0.402\jre\lib\endorsed"/>
    <property name="java.runtime.name" value="OpenJDK Runtime Environment"/>
    <property name="file.encoding" value="Cp1252"/>
    <property name="java.vm.name" value="OpenJDK 64-Bit Server VM"/>
    <property name="localRepository" value="C:\Users\dc-user\.m2\repository"/>
    <property name="java.vendor.url.bug" value="http://www.azul.com/support/"/>
    <property name="java.io.tmpdir" value="D:\WorkArea\Plugins\folder-tear-down\target/tmp"/>
    <property name="java.version" value="1.8.0_402"/>
    <property name="user.dir" value="D:\WorkArea\Plugins\folder-tear-down"/>
    <property name="os.arch" value="amd64"/>
    <property name="java.vm.specification.name" value="Java Virtual Machine Specification"/>
    <property name="java.awt.printerjob" value="sun.awt.windows.WPrinterJob"/>
    <property name="sun.os.patch.level" value=""/>
    <property name="java.library.path" value="D:\zjdk8.0.402\jre\bin;C:\windows\Sun\Java\bin;C:\windows\system32;C:\windows;C:\windows\system32;C:\windows;C:\windows\System32\Wbem;C:\windows\System32\WindowsPowerShell\v1.0\;C:\windows\System32\OpenSSH\;C:\ProgramData\chocolatey\bin;C:\opscode\chef\bin\;C:\Program Files\OpenSSL-Win64\bin\;D:\zjdk8.0.402\bin;D:\apache-maven-3.9.6\bin;C:\Program Files\Git\cmd\;C:\Users\dc-user\AppData\Local\Microsoft\WindowsApps;;D:\JetBrains\IntelliJ IDEA Community Edition 2023.3.5\bin;;D:\VSCode\bin;."/>
    <property name="java.vm.info" value="mixed mode"/>
    <property name="java.vendor" value="Azul Systems, Inc."/>
    <property name="java.vm.version" value="25.402-b06"/>
    <property name="java.specification.maintenance.version" value="5"/>
    <property name="java.ext.dirs" value="D:\zjdk8.0.402\jre\lib\ext;C:\windows\Sun\Java\lib\ext"/>
    <property name="sun.io.unicode.encoding" value="UnicodeLittle"/>
    <property name="java.class.version" value="52.0"/>
  </properties>
  <testcase name="com.mc.folderteardown\JobTearDownProperty\config-details.jelly" classname="org.jvnet.hudson.test.JellyTestSuiteBuilder$JellyCheck" time="0.432"/>
  <testcase name="io\jenkins\plugins\sample\SampleConfiguration\config.jelly" classname="org.jvnet.hudson.test.JellyTestSuiteBuilder$JellyCheck" time="0.156"/>
  <testcase name="index.jelly" classname="org.jvnet.hudson.test.JellyTestSuiteBuilder$JellyCheck" time="0.004"/>
  <testcase name="com.mc.folderteardown\FolderTearDownConfiguration\config.jelly" classname="org.jvnet.hudson.test.JellyTestSuiteBuilder$JellyCheck" time="0.074"/>
  <testcase name="testCliSanity" classname="org.jvnet.hudson.test.PluginAutomaticTestBuilder$OtherTests" time="0.101"/>
  <testcase name="testPluginActive" classname="org.jvnet.hudson.test.PluginAutomaticTestBuilder$OtherTests" time="0.001"/>
  <testcase name="org.jvnet.hudson.test.JellyTestSuiteBuilder$JellyTestSuite" classname="org.jvnet.hudson.test.junit.FailedTest" time="0"/>
</testsuite>